#
# A fatal error has been detected by the Java Runtime Environment:
#
#  SIGSEGV (0xb) at pc=0x00007f7fa421d1a8, pid=24829, tid=24901
#
# JRE version: OpenJDK Runtime Environment (17.0.18+8) (build 17.0.18+8)
# Java VM: OpenJDK 64-Bit Server VM (17.0.18+8, mixed mode, sharing, tiered, compressed oops, compressed class ptrs, g1 gc, linux-amd64)
# Problematic frame:
# C  0x00007f7fa421d1a8
#
# Core dump will be written. Default location: Core dumps may be processed with "/usr/lib/systemd/systemd-coredump %P %u %g %s %t %c %h %d %F" (or dumping to /d/home/michal/Projekty/most/my-project/most/backend/core.24829)
#
# If you would like to submit a bug report, please visit:
#   https://bugreport.java.com/bugreport/crash.jsp
#

---------------  S U M M A R Y ------------

Command Line: --enable-native-access=ALL-UNNAMED -Dclassworlds.conf=/usr/share/java/maven/bin/m2.conf -Dmaven.home=/usr/share/java/maven -Dlibrary.jansi.path=/usr/share/java/maven/lib/jansi-native -Dmaven.multiModuleProjectDirectory=/home/michal/Projekty/most/my-project/most/backend org.codehaus.plexus.classworlds.launcher.Launcher test

Host: AMD Ryzen 5 2600 Six-Core Processor, 12 cores, 31G, Arch Linux
Time: Sun Feb 15 10:10:57 2026 CET elapsed time: 6.251342 seconds (0d 0h 0m 6s)

---------------  T H R E A D  ---------------

Current thread (0x00007f7fb010ce80):  JavaThread "C2 CompilerThread1" daemon [_thread_in_native, id=24901, stack(0x00007f7fd6f00000,0x00007f7fd7000000)]


Current CompileTask:
C2:6251 10308       4       com.sun.tools.javac.code.Symtab::lookupPackage (259 bytes)

Stack: [0x00007f7fd6f00000,0x00007f7fd7000000],  sp=0x00007f7fd6ffb338,  free space=1004k
Native frames: (J=compiled Java code, j=interpreted, Vv=VM code, C=native code)
C  0x00007f7fa421d1a8
V  [libjvm.so+0x57e51e]
V  [libjvm.so+0x5828f0]
V  [libjvm.so+0x5843aa]
V  [libjvm.so+0x3aabbd]
V  [libjvm.so+0x3b1412]
V  [libjvm.so+0x2e3709]
V  [libjvm.so+0x3ba5bd]
V  [libjvm.so+0x3bb488]
V  [libjvm.so+0xcc979e]
V  [libjvm.so+0xccd502]
V  [libjvm.so+0xa67180]
C  [libc.so.6+0x9698b]


siginfo: si_signo: 11 (SIGSEGV), si_code: 2 (SEGV_ACCERR), si_addr: 0x00007f7fa421d1a8

Registers:
RAX=0x00007f7fa421d120, RBX=0x00007f7fa421d0c8, RCX=0x0000000000000d76, RDX=0x00007f7fa421d478
RSP=0x00007f7fd6ffb338, RBP=0x00007f7fd6ffb360, RSI=0x00007f7fbc2418d8, RDI=0x00007f7fa421d0c8
R8 =0x00007f7fd6ffb850, R9 =0x0000000000000001, R10=0x0000000000000010, R11=0x0000000000000080
R12=0x00007f7fbc2418d8, R13=0x00007f7fd6ffb850, R14=0x00007f7fd6ffb4b0, R15=0x00007f7fd6ffb490
RIP=0x00007f7fa421d1a8, EFLAGS=0x0000000000010202, CSGSFS=0x002b000000000033, ERR=0x0000000000000015
  TRAPNO=0x000000000000000e

XMM[0]=0x0000000000000000 0x0000000000000000
XMM[1]=0x00007f7fbc7169d0 0x00007f7fa4ab8b20
XMM[2]=0x00007f7fbc500d28 0x00007f7fbc500550
XMM[3]=0x00007f7fbc4fedc8 0x00007f7fb0717b28
XMM[4]=0x0000000000000000 0x00007f7fa4000090
XMM[5]=0x0000000000000000 0x3fcd66e74f1eb069
XMM[6]=0x00007f7fbc98d730 0x00007f7fbc98d730
XMM[7]=0x00007f7fbc98d220 0x00007f7fbc98d0c8
XMM[8]=0x00007f7fbc98cd10 0x00007f7fbc98cd10
XMM[9]=0x00007f7fbc7bce70 0x00007f7fbc7bcf30
XMM[10]=0x00007f7fbc7bced0 0x00007f7fbc7bcf90
XMM[11]=0x00007f7fbc7bce10 0x00007f7fbc7bcdb0
XMM[12]=0x0000000000000007 0x0000000000000006
XMM[13]=0x0000000000000005 0x0000000000000004
XMM[14]=0x0000000000000003 0x0000000000000002
XMM[15]=0x0000000000000000 0x0000000000000000
  MXCSR=0x00001fb2


Register to memory mapping:

RAX=0x00007f7fa421d120 points into unknown readable memory: 0x00007f8063c836e8 | e8 36 c8 63 80 7f 00 00
RBX=0x00007f7fa421d0c8 points into unknown readable memory: 0x00007f7fa421d120 | 20 d1 21 a4 7f 7f 00 00
RCX=0x0000000000000d76 is an unknown value
RDX=0x00007f7fa421d478 points into unknown readable memory: 0x00007f8063c91828 | 28 18 c9 63 80 7f 00 00
RSP=0x00007f7fd6ffb338 is pointing into the stack for thread: 0x00007f7fb010ce80
RBP=0x00007f7fd6ffb360 is pointing into the stack for thread: 0x00007f7fb010ce80
RSI=0x00007f7fbc2418d8 points into unknown readable memory: 0x00007f8063cfc9d0 | d0 c9 cf 63 80 7f 00 00
RDI=0x00007f7fa421d0c8 points into unknown readable memory: 0x00007f7fa421d120 | 20 d1 21 a4 7f 7f 00 00
R8 =0x00007f7fd6ffb850 is pointing into the stack for thread: 0x00007f7fb010ce80
R9 =0x0000000000000001 is an unknown value
R10=0x0000000000000010 is an unknown value
R11=0x0000000000000080 is an unknown value
R12=0x00007f7fbc2418d8 points into unknown readable memory: 0x00007f8063cfc9d0 | d0 c9 cf 63 80 7f 00 00
R13=0x00007f7fd6ffb850 is pointing into the stack for thread: 0x00007f7fb010ce80
R14=0x00007f7fd6ffb4b0 is pointing into the stack for thread: 0x00007f7fb010ce80
R15=0x00007f7fd6ffb490 is pointing into the stack for thread: 0x00007f7fb010ce80


Top of Stack: (sp=0x00007f7fd6ffb338)
0x00007f7fd6ffb338:   00007f806317dcf7 00007f7fd6ffb490
0x00007f7fd6ffb348:   00007f7fbc2418d8 000000000000006b
0x00007f7fd6ffb358:   0000000000000003 00007f7fd6ffb3e0
0x00007f7fd6ffb368:   00007f806317e51e 00007f7fd6ffb850
0x00007f7fd6ffb378:   00007f7f98a172d8 00007f7fd6ffb850
0x00007f7fd6ffb388:   00007f7fd6ffb850 00007f7fa411ad00
0x00007f7fd6ffb398:   00007f7fa411ad70 00007f7fa411ac70
0x00007f7fd6ffb3a8:   00007f7fb010cb40 0000000000000008
0x00007f7fd6ffb3b8:   00007f7fb010cb40 00007f7fd6ffb490
0x00007f7fd6ffb3c8:   00007f7fd6ffb4b0 00007f7fd6ffb850
0x00007f7fd6ffb3d8:   00007f7fd6ffb850 00007f7fd6ffb7b0
0x00007f7fd6ffb3e8:   00007f80631828f0 00007f7f98a7cce0
0x00007f7fd6ffb3f8:   00007f806362b607 00007f7fb0b6aa68
0x00007f7fd6ffb408:   00007f7f98a7bec0 00007f7fd6ffb430
0x00007f7fd6ffb418:   0000000000007fd8 00007f7fd6ffe0a0
0x00007f7fd6ffb428:   0000000000000200 00007f7fbc714450
0x00007f7fd6ffb438:   00007f7fbc71c268 00007f7fd6ffb4b0
0x00007f7fd6ffb448:   00007f8062d8e698 00007f7f98a7b7b0
0x00007f7fd6ffb458:   00007f806362b1d3 00007f7fb0c2cee0
0x00007f7fd6ffb468:   00007f7fb0c33f50 00000000001cf3c8
0x00007f7fd6ffb478:   00007f7fb0c34ec8 00007f7fb0c2cee0
0x00007f7fd6ffb488:   00007f7fb0c33f50 0000000000000200
0x00007f7fd6ffb498:   00007f7f98847100 00007f7f00000200
0x00007f7fd6ffb4a8:   00007f7fb010cb40 00007f7fa4a09790
0x00007f7fd6ffb4b8:   00007f7fa4a128d0 00007f7fa4a08f00
0x00007f7fd6ffb4c8:   00007f7fb010cb40 00007f7fd6ffb530
0x00007f7fd6ffb4d8:   00007f8062d8ecdb 0000000000000011
0x00007f7fd6ffb4e8:   0000000000000010 00007f7fd6ffb530
0x00007f7fd6ffb4f8:   00007f806362b536 00007f7fd6ffb560
0x00007f7fd6ffb508:   00007f806403c82c 0000000000020010
0x00007f7fd6ffb518:   00007f7fa4000030 0000000000020020
0x00007f7fd6ffb528:   0000000000000000 00007f7fd6ffb5a0 

Instructions: (pc=0x00007f7fa421d1a8)
0x00007f7fa421d0a8:   04 00 00 00 7f 7f 00 00 c0 d0 21 a4 7f 7f 00 00
0x00007f7fa421d0b8:   ef ff 7f 3f 00 00 80 bf f8 d0 21 a4 7f 7f 00 00
0x00007f7fa421d0c8:   20 d1 21 a4 7f 7f 00 00 30 d1 21 a4 7f 7f 00 00
0x00007f7fa421d0d8:   e0 d0 21 a4 7f 7f 00 00 d0 b4 c7 63 80 7f 00 00
0x00007f7fa421d0e8:   00 00 00 00 00 00 00 00 00 00 00 00 02 00 00 00
0x00007f7fa421d0f8:   18 0a c8 63 80 7f 00 00 20 d8 98 bc 7f 7f 00 00
0x00007f7fa421d108:   38 d1 21 a4 7f 7f 00 00 00 00 00 00 00 00 00 00
0x00007f7fa421d118:   00 00 00 00 00 00 00 00 e8 36 c8 63 80 7f 00 00
0x00007f7fa421d128:   03 00 00 00 00 00 00 00 80 dd c7 63 80 7f 00 00
0x00007f7fa421d138:   18 74 cb 63 80 7f 00 00 a8 d1 21 a4 7f 7f 00 00
0x00007f7fa421d148:   d8 d1 21 a4 7f 7f 00 00 03 00 00 00 04 00 00 00
0x00007f7fa421d158:   01 00 00 00 04 00 00 00 1a 05 00 00 02 00 00 00
0x00007f7fa421d168:   00 00 00 00 00 00 00 00 03 00 00 00 00 00 00 00
0x00007f7fa421d178:   80 d1 21 a4 7f 7f 00 00 a0 d1 21 a4 7f 7f 00 00
0x00007f7fa421d188:   c8 d1 21 a4 7f 7f 00 00 d0 d1 21 a4 7f 7f 00 00
0x00007f7fa421d198:   00 00 00 00 00 00 00 00 80 dd c7 63 80 7f 00 00
0x00007f7fa421d1a8:   00 00 00 00 00 00 00 00 e8 19 24 bc 7f 7f 00 00
0x00007f7fa421d1b8:   b8 e4 20 b0 7f 7f 00 00 00 00 00 00 00 00 00 00
0x00007f7fa421d1c8:   58 c3 c7 63 80 7f 00 00 58 c3 c7 63 80 7f 00 00
0x00007f7fa421d1d8:   70 d0 21 a4 7f 7f 00 00 00 00 00 00 00 00 00 00
0x00007f7fa421d1e8:   00 00 00 00 00 00 00 00 00 00 00 00 00 00 00 00
0x00007f7fa421d1f8:   90 b0 cf 63 80 7f 00 00 38 d2 21 a4 7f 7f 00 00
0x00007f7fa421d208:   78 1b 24 bc 7f 7f 00 00 01 00 00 00 01 00 00 00
0x00007f7fa421d218:   01 00 00 00 04 00 00 00 1b 05 00 00 48 01 00 00
0x00007f7fa421d228:   40 00 00 00 00 00 00 00 00 00 00 00 00 00 00 00
0x00007f7fa421d238:   40 d2 21 a4 7f 7f 00 00 68 b0 cb 63 80 7f 00 00
0x00007f7fa421d248:   d0 d2 21 a4 7f 7f 00 00 58 1b 24 bc 7f 7f 00 00
0x00007f7fa421d258:   02 00 00 00 04 00 00 00 02 00 00 00 04 00 00 00
0x00007f7fa421d268:   1c 05 00 00 1a 00 00 00 80 00 00 00 00 7f 00 00
0x00007f7fa421d278:   04 00 00 00 01 00 00 00 90 d2 21 a4 7f 7f 00 00
0x00007f7fa421d288:   d0 cc 23 3c 00 28 80 46 c8 d2 21 a4 7f 7f 00 00
0x00007f7fa421d298:   f0 d2 21 a4 7f 7f 00 00 00 d3 21 a4 7f 7f 00 00 


Stack slot to memory mapping:
stack at sp + 0 slots: 0x00007f806317dcf7: <offset 0x000000000057dcf7> in /usr/lib/jvm/java-17-openjdk/lib/server/libjvm.so at 0x00007f8062c00000
stack at sp + 1 slots: 0x00007f7fd6ffb490 is pointing into the stack for thread: 0x00007f7fb010ce80
stack at sp + 2 slots: 0x00007f7fbc2418d8 points into unknown readable memory: 0x00007f8063cfc9d0 | d0 c9 cf 63 80 7f 00 00
stack at sp + 3 slots: 0x000000000000006b is an unknown value
stack at sp + 4 slots: 0x0000000000000003 is an unknown value
stack at sp + 5 slots: 0x00007f7fd6ffb3e0 is pointing into the stack for thread: 0x00007f7fb010ce80
stack at sp + 6 slots: 0x00007f806317e51e: <offset 0x000000000057e51e> in /usr/lib/jvm/java-17-openjdk/lib/server/libjvm.so at 0x00007f8062c00000
stack at sp + 7 slots: 0x00007f7fd6ffb850 is pointing into the stack for thread: 0x00007f7fb010ce80


---------------  P R O C E S S  ---------------

Threads class SMR info:
_java_thread_list=0x00007f805c994f10, length=14, elements={
0x00007f805c018870, 0x00007f805c14a340, 0x00007f805c14b730, 0x00007f805c150d90,
0x00007f805c152150, 0x00007f805c153570, 0x00007f805c154f30, 0x00007f805c156470,
0x00007f805c15f8e0, 0x00007f805c18f9d0, 0x00007f805c1929b0, 0x00007f7fb010ce80,
0x00007f7fb01f9760, 0x00007f805c994410
}

Java Threads: ( => current thread )
  0x00007f805c018870 JavaThread "main" [_thread_in_Java, id=24882, stack(0x00007f8062b00000,0x00007f8062c00000)]
  0x00007f805c14a340 JavaThread "Reference Handler" daemon [_thread_blocked, id=24889, stack(0x00007f803112a000,0x00007f803122a000)]
  0x00007f805c14b730 JavaThread "Finalizer" daemon [_thread_blocked, id=24890, stack(0x00007f8031029000,0x00007f8031129000)]
  0x00007f805c150d90 JavaThread "Signal Dispatcher" daemon [_thread_blocked, id=24891, stack(0x00007f8030900000,0x00007f8030a00000)]
  0x00007f805c152150 JavaThread "Service Thread" daemon [_thread_blocked, id=24892, stack(0x00007f80307ff000,0x00007f80308ff000)]
  0x00007f805c153570 JavaThread "Monitor Deflation Thread" daemon [_thread_blocked, id=24893, stack(0x00007f80306fe000,0x00007f80307fe000)]
  0x00007f805c154f30 JavaThread "C2 CompilerThread0" daemon [_thread_in_native, id=24894, stack(0x00007f80305fd000,0x00007f80306fd000)]
  0x00007f805c156470 JavaThread "C1 CompilerThread0" daemon [_thread_blocked, id=24895, stack(0x00007f80304fc000,0x00007f80305fc000)]
  0x00007f805c15f8e0 JavaThread "Sweeper thread" daemon [_thread_blocked, id=24896, stack(0x00007f80303fb000,0x00007f80304fb000)]
  0x00007f805c18f9d0 JavaThread "Notification Thread" daemon [_thread_blocked, id=24897, stack(0x00007f80302fa000,0x00007f80303fa000)]
  0x00007f805c1929b0 JavaThread "Common-Cleaner" daemon [_thread_blocked, id=24899, stack(0x00007f80300f8000,0x00007f80301f8000)]
=>0x00007f7fb010ce80 JavaThread "C2 CompilerThread1" daemon [_thread_in_native, id=24901, stack(0x00007f7fd6f00000,0x00007f7fd7000000)]
  0x00007f7fb01f9760 JavaThread "C2 CompilerThread2" daemon [_thread_in_native, id=24903, stack(0x00007f7fd6dff000,0x00007f7fd6eff000)]
  0x00007f805c994410 JavaThread "Thread-1" daemon [_thread_blocked, id=24920, stack(0x00007f7fd60f8000,0x00007f7fd61f8000)]

Other Threads:
  0x00007f805c146380 VMThread "VM Thread" [stack: 0x00007f803122b000,0x00007f803132b000] [id=24888]
  0x00007f805c191320 WatcherThread [stack: 0x00007f80301f9000,0x00007f80302f9000] [id=24898]
  0x00007f805c047720 GCTaskThread "GC Thread#0" [stack: 0x00007f8060afc000,0x00007f8060bfc000] [id=24883]
  0x00007f7fd0006390 GCTaskThread "GC Thread#1" [stack: 0x00007f7fd6cfe000,0x00007f7fd6dfe000] [id=24904]
  0x00007f7fd0006de0 GCTaskThread "GC Thread#2" [stack: 0x00007f7fd6900000,0x00007f7fd6a00000] [id=24905]
  0x00007f7fd0007830 GCTaskThread "GC Thread#3" [stack: 0x00007f7fd67ff000,0x00007f7fd68ff000] [id=24906]
  0x00007f7fd0008280 GCTaskThread "GC Thread#4" [stack: 0x00007f7fd66fe000,0x00007f7fd67fe000] [id=24907]
  0x00007f7fd0008cd0 GCTaskThread "GC Thread#5" [stack: 0x00007f7fd65fd000,0x00007f7fd66fd000] [id=24908]
  0x00007f7fd0009b10 GCTaskThread "GC Thread#6" [stack: 0x00007f7fd64fc000,0x00007f7fd65fc000] [id=24909]
  0x00007f7fd000a970 GCTaskThread "GC Thread#7" [stack: 0x00007f7fd63fb000,0x00007f7fd64fb000] [id=24910]
  0x00007f7fd000b7f0 GCTaskThread "GC Thread#8" [stack: 0x00007f7fd62fa000,0x00007f7fd63fa000] [id=24911]
  0x00007f7fd000c670 GCTaskThread "GC Thread#9" [stack: 0x00007f7fd61f9000,0x00007f7fd62f9000] [id=24912]
  0x00007f805c058760 ConcurrentGCThread "G1 Main Marker" [stack: 0x00007f80609fb000,0x00007f8060afb000] [id=24884]
  0x00007f805c0596e0 ConcurrentGCThread "G1 Conc#0" [stack: 0x00007f80608fa000,0x00007f80609fa000] [id=24885]
  0x00007f8024000e70 ConcurrentGCThread "G1 Conc#1" [stack: 0x00007f7fd5ff7000,0x00007f7fd60f7000] [id=24929]
  0x00007f80240018d0 ConcurrentGCThread "G1 Conc#2" [stack: 0x00007f7fd5ef6000,0x00007f7fd5ff6000] [id=24930]
  0x00007f805c117f20 ConcurrentGCThread "G1 Refine#0" [stack: 0x00007f80314fe000,0x00007f80315fe000] [id=24886]
  0x00007f801c000e70 ConcurrentGCThread "G1 Refine#1" [stack: 0x00007f7fd5df5000,0x00007f7fd5ef5000] [id=24931]
  0x00007f7f6c000e70 ConcurrentGCThread "G1 Refine#2" [stack: 0x00007f7fd5cf4000,0x00007f7fd5df4000] [id=24932]
  0x00007f7f60000e70 ConcurrentGCThread "G1 Refine#3" [stack: 0x00007f7fd5bf3000,0x00007f7fd5cf3000] [id=24933]
  0x00007f7f64000e70 ConcurrentGCThread "G1 Refine#4" [stack: 0x00007f7fd5af2000,0x00007f7fd5bf2000] [id=24934]
  0x00007f7f58000e70 ConcurrentGCThread "G1 Refine#5" [stack: 0x00007f7fd59f1000,0x00007f7fd5af1000] [id=24935]
  0x00007f7f5c000e70 ConcurrentGCThread "G1 Refine#6" [stack: 0x00007f7fd58f0000,0x00007f7fd59f0000] [id=24936]
  0x00007f7f50000e70 ConcurrentGCThread "G1 Refine#7" [stack: 0x00007f7fd57ef000,0x00007f7fd58ef000] [id=24937]
  0x00007f7f54000e70 ConcurrentGCThread "G1 Refine#8" [stack: 0x00007f7fd56ee000,0x00007f7fd57ee000] [id=24938]
  0x00007f7f48000e70 ConcurrentGCThread "G1 Refine#9" [stack: 0x00007f7fd55ed000,0x00007f7fd56ed000] [id=24939]
  0x00007f805c118e30 ConcurrentGCThread "G1 Service" [stack: 0x00007f80313fd000,0x00007f80314fd000] [id=24887]

Threads with active compile tasks:
C2 CompilerThread0  6266 9997       4       com.sun.tools.javac.util.ArrayUtils::ensureCapacity (41 bytes)
C1 CompilerThread0  6266 10537       2       org.eclipse.sisu.inject.MildElements$Itr::hasNext (77 bytes)
C2 CompilerThread1  6266 10308       4       com.sun.tools.javac.code.Symtab::lookupPackage (259 bytes)
C2 CompilerThread2  6266 10488       4       com.sun.tools.javac.code.Symbol::complete (30 bytes)

VM state: not at safepoint (normal execution)

VM Mutex/Monitor currently owned by a thread: None

Heap address: 0x000000060bc00000, size: 8004 MB, Compressed Oops mode: Zero based, Oop shift amount: 3

CDS archive(s) mapped at: [0x00007f7fdb000000-0x00007f7fdbbc7000-0x00007f7fdbbc7000), size 12349440, SharedBaseAddress: 0x00007f7fdb000000, ArchiveRelocationMode: 1.
Compressed class space mapped at: 0x00007f7fdc000000-0x00007f801c000000, reserved size: 1073741824
Narrow klass base: 0x00007f7fdb000000, Narrow klass shift: 0, Narrow klass range: 0x100000000

GC Precious Log:
 CPUs: 12 total, 12 available
 Memory: 32012M
 Large Page Support: Disabled
 NUMA Support: Disabled
 Compressed Oops: Enabled (Zero based)
 Heap Region Size: 4M
 Heap Min Capacity: 8M
 Heap Initial Capacity: 504M
 Heap Max Capacity: 8004M
 Pre-touch: Disabled
 Parallel Workers: 10
 Concurrent Workers: 3
 Concurrent Refinement Workers: 10
 Periodic GC: Disabled

Heap:
 garbage-first heap   total 692224K, used 135082K [0x000000060bc00000, 0x0000000800000000)
  region size 4096K, 20 young (81920K), 6 survivors (24576K)
 Metaspace       used 34338K, committed 34752K, reserved 1114112K
  class space    used 3817K, committed 4032K, reserved 1048576K

Heap Regions: E=young(eden), S=young(survivor), O=old, HS=humongous(starts), HC=humongous(continues), CS=collection set, F=free, OA=open archive, CA=closed archive, TAMS=top-at-mark-start (previous, next)
|   0|0x000000060bc00000, 0x000000060c000000, 0x000000060c000000|100%| O|  |TAMS 0x000000060bc00000, 0x000000060bc00000| Untracked 
|   1|0x000000060c000000, 0x000000060c400000, 0x000000060c400000|100%| O|  |TAMS 0x000000060c000000, 0x000000060c000000| Untracked 
|   2|0x000000060c400000, 0x000000060c800000, 0x000000060c800000|100%| O|  |TAMS 0x000000060c400000, 0x000000060c400000| Untracked 
|   3|0x000000060c800000, 0x000000060cc00000, 0x000000060cc00000|100%| O|  |TAMS 0x000000060c800000, 0x000000060c800000| Untracked 
|   4|0x000000060cc00000, 0x000000060d000000, 0x000000060d000000|100%| O|  |TAMS 0x000000060cc00000, 0x000000060cc00000| Untracked 
|   5|0x000000060d000000, 0x000000060d400000, 0x000000060d400000|100%| O|  |TAMS 0x000000060d000000, 0x000000060d000000| Untracked 
|   6|0x000000060d400000, 0x000000060d800000, 0x000000060d800000|100%| O|  |TAMS 0x000000060d400000, 0x000000060d400000| Untracked 
|   7|0x000000060d800000, 0x000000060dc00000, 0x000000060dc00000|100%| O|  |TAMS 0x000000060d800000, 0x000000060d800000| Untracked 
|   8|0x000000060dc00000, 0x000000060e000000, 0x000000060e000000|100%| O|  |TAMS 0x000000060dc00000, 0x000000060dc00000| Untracked 
|   9|0x000000060e000000, 0x000000060e3fda08, 0x000000060e400000| 99%| O|  |TAMS 0x000000060e000000, 0x000000060e000000| Untracked 
|  10|0x000000060e400000, 0x000000060e800000, 0x000000060e800000|100%| O|  |TAMS 0x000000060e400000, 0x000000060e400000| Untracked 
|  11|0x000000060e800000, 0x000000060ec00000, 0x000000060ec00000|100%| O|  |TAMS 0x000000060e800000, 0x000000060e800000| Untracked 
|  12|0x000000060ec00000, 0x000000060f000000, 0x000000060f000000|100%| O|  |TAMS 0x000000060ec00000, 0x000000060ec00000| Untracked 
|  13|0x000000060f000000, 0x000000060f000000, 0x000000060f400000|  0%| F|  |TAMS 0x000000060f000000, 0x000000060f000000| Untracked 
|  14|0x000000060f400000, 0x000000060f400000, 0x000000060f800000|  0%| F|  |TAMS 0x000000060f400000, 0x000000060f400000| Untracked 
|  15|0x000000060f800000, 0x000000060f800000, 0x000000060fc00000|  0%| F|  |TAMS 0x000000060f800000, 0x000000060f800000| Untracked 
|  16|0x000000060fc00000, 0x000000060fc00000, 0x0000000610000000|  0%| F|  |TAMS 0x000000060fc00000, 0x000000060fc00000| Untracked 
|  17|0x0000000610000000, 0x0000000610000000, 0x0000000610400000|  0%| F|  |TAMS 0x0000000610000000, 0x0000000610000000| Untracked 
|  18|0x0000000610400000, 0x0000000610400000, 0x0000000610800000|  0%| F|  |TAMS 0x0000000610400000, 0x0000000610400000| Untracked 
|  19|0x0000000610800000, 0x0000000610800000, 0x0000000610c00000|  0%| F|  |TAMS 0x0000000610800000, 0x0000000610800000| Untracked 
|  20|0x0000000610c00000, 0x0000000610c00000, 0x0000000611000000|  0%| F|  |TAMS 0x0000000610c00000, 0x0000000610c00000| Untracked 
|  21|0x0000000611000000, 0x0000000611000000, 0x0000000611400000|  0%| F|  |TAMS 0x0000000611000000, 0x0000000611000000| Untracked 
|  22|0x0000000611400000, 0x0000000611400000, 0x0000000611800000|  0%| F|  |TAMS 0x0000000611400000, 0x0000000611400000| Untracked 
|  23|0x0000000611800000, 0x0000000611800000, 0x0000000611c00000|  0%| F|  |TAMS 0x0000000611800000, 0x0000000611800000| Untracked 
|  24|0x0000000611c00000, 0x0000000612000000, 0x0000000612000000|100%| S|CS|TAMS 0x0000000611c00000, 0x0000000611c00000| Complete 
|  25|0x0000000612000000, 0x0000000612400000, 0x0000000612400000|100%| S|CS|TAMS 0x0000000612000000, 0x0000000612000000| Complete 
|  26|0x0000000612400000, 0x0000000612800000, 0x0000000612800000|100%| S|CS|TAMS 0x0000000612400000, 0x0000000612400000| Complete 
|  27|0x0000000612800000, 0x0000000612c00000, 0x0000000612c00000|100%| S|CS|TAMS 0x0000000612800000, 0x0000000612800000| Complete 
|  28|0x0000000612c00000, 0x0000000612c00000, 0x0000000613000000|  0%| F|  |TAMS 0x0000000612c00000, 0x0000000612c00000| Untracked 
|  29|0x0000000613000000, 0x0000000613000000, 0x0000000613400000|  0%| F|  |TAMS 0x0000000613000000, 0x0000000613000000| Untracked 
|  30|0x0000000613400000, 0x0000000613800000, 0x0000000613800000|100%| S|CS|TAMS 0x0000000613400000, 0x0000000613400000| Complete 
|  31|0x0000000613800000, 0x0000000613c00000, 0x0000000613c00000|100%| S|CS|TAMS 0x0000000613800000, 0x0000000613800000| Complete 
|  32|0x0000000613c00000, 0x0000000613c00000, 0x0000000614000000|  0%| F|  |TAMS 0x0000000613c00000, 0x0000000613c00000| Untracked 
|  33|0x0000000614000000, 0x0000000614000000, 0x0000000614400000|  0%| F|  |TAMS 0x0000000614000000, 0x0000000614000000| Untracked 
|  34|0x0000000614400000, 0x0000000614400000, 0x0000000614800000|  0%| F|  |TAMS 0x0000000614400000, 0x0000000614400000| Untracked 
|  35|0x0000000614800000, 0x0000000614800000, 0x0000000614c00000|  0%| F|  |TAMS 0x0000000614800000, 0x0000000614800000| Untracked 
|  36|0x0000000614c00000, 0x0000000614c00000, 0x0000000615000000|  0%| F|  |TAMS 0x0000000614c00000, 0x0000000614c00000| Untracked 
|  37|0x0000000615000000, 0x0000000615000000, 0x0000000615400000|  0%| F|  |TAMS 0x0000000615000000, 0x0000000615000000| Untracked 
|  38|0x0000000615400000, 0x0000000615400000, 0x0000000615800000|  0%| F|  |TAMS 0x0000000615400000, 0x0000000615400000| Untracked 
|  39|0x0000000615800000, 0x0000000615800000, 0x0000000615c00000|  0%| F|  |TAMS 0x0000000615800000, 0x0000000615800000| Untracked 
|  40|0x0000000615c00000, 0x0000000615c00000, 0x0000000616000000|  0%| F|  |TAMS 0x0000000615c00000, 0x0000000615c00000| Untracked 
|  41|0x0000000616000000, 0x0000000616000000, 0x0000000616400000|  0%| F|  |TAMS 0x0000000616000000, 0x0000000616000000| Untracked 
|  42|0x0000000616400000, 0x0000000616400000, 0x0000000616800000|  0%| F|  |TAMS 0x0000000616400000, 0x0000000616400000| Untracked 
|  43|0x0000000616800000, 0x0000000616800000, 0x0000000616c00000|  0%| F|  |TAMS 0x0000000616800000, 0x0000000616800000| Untracked 
|  44|0x0000000616c00000, 0x0000000616c00000, 0x0000000617000000|  0%| F|  |TAMS 0x0000000616c00000, 0x0000000616c00000| Untracked 
|  45|0x0000000617000000, 0x0000000617000000, 0x0000000617400000|  0%| F|  |TAMS 0x0000000617000000, 0x0000000617000000| Untracked 
|  46|0x0000000617400000, 0x0000000617400000, 0x0000000617800000|  0%| F|  |TAMS 0x0000000617400000, 0x0000000617400000| Untracked 
|  47|0x0000000617800000, 0x0000000617800000, 0x0000000617c00000|  0%| F|  |TAMS 0x0000000617800000, 0x0000000617800000| Untracked 
|  48|0x0000000617c00000, 0x0000000617c00000, 0x0000000618000000|  0%| F|  |TAMS 0x0000000617c00000, 0x0000000617c00000| Untracked 
|  49|0x0000000618000000, 0x0000000618000000, 0x0000000618400000|  0%| F|  |TAMS 0x0000000618000000, 0x0000000618000000| Untracked 
|  50|0x0000000618400000, 0x0000000618400000, 0x0000000618800000|  0%| F|  |TAMS 0x0000000618400000, 0x0000000618400000| Untracked 
|  51|0x0000000618800000, 0x0000000618800000, 0x0000000618c00000|  0%| F|  |TAMS 0x0000000618800000, 0x0000000618800000| Untracked 
|  52|0x0000000618c00000, 0x0000000618c00000, 0x0000000619000000|  0%| F|  |TAMS 0x0000000618c00000, 0x0000000618c00000| Untracked 
|  53|0x0000000619000000, 0x0000000619000000, 0x0000000619400000|  0%| F|  |TAMS 0x0000000619000000, 0x0000000619000000| Untracked 
|  54|0x0000000619400000, 0x0000000619400000, 0x0000000619800000|  0%| F|  |TAMS 0x0000000619400000, 0x0000000619400000| Untracked 
|  55|0x0000000619800000, 0x0000000619800000, 0x0000000619c00000|  0%| F|  |TAMS 0x0000000619800000, 0x0000000619800000| Untracked 
|  56|0x0000000619c00000, 0x0000000619c00000, 0x000000061a000000|  0%| F|  |TAMS 0x0000000619c00000, 0x0000000619c00000| Untracked 
|  57|0x000000061a000000, 0x000000061a000000, 0x000000061a400000|  0%| F|  |TAMS 0x000000061a000000, 0x000000061a000000| Untracked 
|  58|0x000000061a400000, 0x000000061a400000, 0x000000061a800000|  0%| F|  |TAMS 0x000000061a400000, 0x000000061a400000| Untracked 
|  59|0x000000061a800000, 0x000000061a800000, 0x000000061ac00000|  0%| F|  |TAMS 0x000000061a800000, 0x000000061a800000| Untracked 
|  60|0x000000061ac00000, 0x000000061ac00000, 0x000000061b000000|  0%| F|  |TAMS 0x000000061ac00000, 0x000000061ac00000| Untracked 
|  61|0x000000061b000000, 0x000000061b000000, 0x000000061b400000|  0%| F|  |TAMS 0x000000061b000000, 0x000000061b000000| Untracked 
|  62|0x000000061b400000, 0x000000061b400000, 0x000000061b800000|  0%| F|  |TAMS 0x000000061b400000, 0x000000061b400000| Untracked 
|  63|0x000000061b800000, 0x000000061b800000, 0x000000061bc00000|  0%| F|  |TAMS 0x000000061b800000, 0x000000061b800000| Untracked 
|  64|0x000000061bc00000, 0x000000061bc00000, 0x000000061c000000|  0%| F|  |TAMS 0x000000061bc00000, 0x000000061bc00000| Untracked 
|  65|0x000000061c000000, 0x000000061c000000, 0x000000061c400000|  0%| F|  |TAMS 0x000000061c000000, 0x000000061c000000| Untracked 
|  66|0x000000061c400000, 0x000000061c400000, 0x000000061c800000|  0%| F|  |TAMS 0x000000061c400000, 0x000000061c400000| Untracked 
|  67|0x000000061c800000, 0x000000061c800000, 0x000000061cc00000|  0%| F|  |TAMS 0x000000061c800000, 0x000000061c800000| Untracked 
|  68|0x000000061cc00000, 0x000000061cc00000, 0x000000061d000000|  0%| F|  |TAMS 0x000000061cc00000, 0x000000061cc00000| Untracked 
|  69|0x000000061d000000, 0x000000061d000000, 0x000000061d400000|  0%| F|  |TAMS 0x000000061d000000, 0x000000061d000000| Untracked 
|  70|0x000000061d400000, 0x000000061d400000, 0x000000061d800000|  0%| F|  |TAMS 0x000000061d400000, 0x000000061d400000| Untracked 
|  71|0x000000061d800000, 0x000000061d800000, 0x000000061dc00000|  0%| F|  |TAMS 0x000000061d800000, 0x000000061d800000| Untracked 
|  72|0x000000061dc00000, 0x000000061dc00000, 0x000000061e000000|  0%| F|  |TAMS 0x000000061dc00000, 0x000000061dc00000| Untracked 
|  73|0x000000061e000000, 0x000000061e000000, 0x000000061e400000|  0%| F|  |TAMS 0x000000061e000000, 0x000000061e000000| Untracked 
|  74|0x000000061e400000, 0x000000061e400000, 0x000000061e800000|  0%| F|  |TAMS 0x000000061e400000, 0x000000061e400000| Untracked 
|  75|0x000000061e800000, 0x000000061e800000, 0x000000061ec00000|  0%| F|  |TAMS 0x000000061e800000, 0x000000061e800000| Untracked 
|  76|0x000000061ec00000, 0x000000061ec00000, 0x000000061f000000|  0%| F|  |TAMS 0x000000061ec00000, 0x000000061ec00000| Untracked 
|  77|0x000000061f000000, 0x000000061f000000, 0x000000061f400000|  0%| F|  |TAMS 0x000000061f000000, 0x000000061f000000| Untracked 
|  78|0x000000061f400000, 0x000000061f400000, 0x000000061f800000|  0%| F|  |TAMS 0x000000061f400000, 0x000000061f400000| Untracked 
|  79|0x000000061f800000, 0x000000061f800000, 0x000000061fc00000|  0%| F|  |TAMS 0x000000061f800000, 0x000000061f800000| Untracked 
|  80|0x000000061fc00000, 0x000000061fc00000, 0x0000000620000000|  0%| F|  |TAMS 0x000000061fc00000, 0x000000061fc00000| Untracked 
|  81|0x0000000620000000, 0x0000000620000000, 0x0000000620400000|  0%| F|  |TAMS 0x0000000620000000, 0x0000000620000000| Untracked 
|  82|0x0000000620400000, 0x0000000620400000, 0x0000000620800000|  0%| F|  |TAMS 0x0000000620400000, 0x0000000620400000| Untracked 
|  83|0x0000000620800000, 0x0000000620800000, 0x0000000620c00000|  0%| F|  |TAMS 0x0000000620800000, 0x0000000620800000| Untracked 
|  84|0x0000000620c00000, 0x0000000620c00000, 0x0000000621000000|  0%| F|  |TAMS 0x0000000620c00000, 0x0000000620c00000| Untracked 
|  85|0x0000000621000000, 0x0000000621000000, 0x0000000621400000|  0%| F|  |TAMS 0x0000000621000000, 0x0000000621000000| Untracked 
|  86|0x0000000621400000, 0x0000000621400000, 0x0000000621800000|  0%| F|  |TAMS 0x0000000621400000, 0x0000000621400000| Untracked 
|  87|0x0000000621800000, 0x0000000621800000, 0x0000000621c00000|  0%| F|  |TAMS 0x0000000621800000, 0x0000000621800000| Untracked 
|  88|0x0000000621c00000, 0x0000000621c00000, 0x0000000622000000|  0%| F|  |TAMS 0x0000000621c00000, 0x0000000621c00000| Untracked 
|  89|0x0000000622000000, 0x0000000622000000, 0x0000000622400000|  0%| F|  |TAMS 0x0000000622000000, 0x0000000622000000| Untracked 
|  90|0x0000000622400000, 0x0000000622400000, 0x0000000622800000|  0%| F|  |TAMS 0x0000000622400000, 0x0000000622400000| Untracked 
|  91|0x0000000622800000, 0x0000000622800000, 0x0000000622c00000|  0%| F|  |TAMS 0x0000000622800000, 0x0000000622800000| Untracked 
|  92|0x0000000622c00000, 0x0000000622c00000, 0x0000000623000000|  0%| F|  |TAMS 0x0000000622c00000, 0x0000000622c00000| Untracked 
|  93|0x0000000623000000, 0x0000000623000000, 0x0000000623400000|  0%| F|  |TAMS 0x0000000623000000, 0x0000000623000000| Untracked 
|  94|0x0000000623400000, 0x0000000623400000, 0x0000000623800000|  0%| F|  |TAMS 0x0000000623400000, 0x0000000623400000| Untracked 
|  95|0x0000000623800000, 0x0000000623800000, 0x0000000623c00000|  0%| F|  |TAMS 0x0000000623800000, 0x0000000623800000| Untracked 
|  96|0x0000000623c00000, 0x0000000623c00000, 0x0000000624000000|  0%| F|  |TAMS 0x0000000623c00000, 0x0000000623c00000| Untracked 
|  97|0x0000000624000000, 0x0000000624000000, 0x0000000624400000|  0%| F|  |TAMS 0x0000000624000000, 0x0000000624000000| Untracked 
|  98|0x0000000624400000, 0x0000000624400000, 0x0000000624800000|  0%| F|  |TAMS 0x0000000624400000, 0x0000000624400000| Untracked 
|  99|0x0000000624800000, 0x0000000624800000, 0x0000000624c00000|  0%| F|  |TAMS 0x0000000624800000, 0x0000000624800000| Untracked 
| 100|0x0000000624c00000, 0x0000000624c00000, 0x0000000625000000|  0%| F|  |TAMS 0x0000000624c00000, 0x0000000624c00000| Untracked 
| 101|0x0000000625000000, 0x0000000625000000, 0x0000000625400000|  0%| F|  |TAMS 0x0000000625000000, 0x0000000625000000| Untracked 
| 102|0x0000000625400000, 0x0000000625400000, 0x0000000625800000|  0%| F|  |TAMS 0x0000000625400000, 0x0000000625400000| Untracked 
| 103|0x0000000625800000, 0x0000000625800000, 0x0000000625c00000|  0%| F|  |TAMS 0x0000000625800000, 0x0000000625800000| Untracked 
| 104|0x0000000625c00000, 0x0000000625c00000, 0x0000000626000000|  0%| F|  |TAMS 0x0000000625c00000, 0x0000000625c00000| Untracked 
| 105|0x0000000626000000, 0x0000000626000000, 0x0000000626400000|  0%| F|  |TAMS 0x0000000626000000, 0x0000000626000000| Untracked 
| 106|0x0000000626400000, 0x0000000626400000, 0x0000000626800000|  0%| F|  |TAMS 0x0000000626400000, 0x0000000626400000| Untracked 
| 107|0x0000000626800000, 0x0000000626800000, 0x0000000626c00000|  0%| F|  |TAMS 0x0000000626800000, 0x0000000626800000| Untracked 
| 108|0x0000000626c00000, 0x0000000626c00000, 0x0000000627000000|  0%| F|  |TAMS 0x0000000626c00000, 0x0000000626c00000| Untracked 
| 109|0x0000000627000000, 0x0000000627000000, 0x0000000627400000|  0%| F|  |TAMS 0x0000000627000000, 0x0000000627000000| Untracked 
| 110|0x0000000627400000, 0x0000000627400000, 0x0000000627800000|  0%| F|  |TAMS 0x0000000627400000, 0x0000000627400000| Untracked 
| 111|0x0000000627800000, 0x0000000627800000, 0x0000000627c00000|  0%| F|  |TAMS 0x0000000627800000, 0x0000000627800000| Untracked 
| 112|0x0000000627c00000, 0x0000000627c00000, 0x0000000628000000|  0%| F|  |TAMS 0x0000000627c00000, 0x0000000627c00000| Untracked 
| 113|0x0000000628000000, 0x0000000628000000, 0x0000000628400000|  0%| F|  |TAMS 0x0000000628000000, 0x0000000628000000| Untracked 
| 114|0x0000000628400000, 0x0000000628400000, 0x0000000628800000|  0%| F|  |TAMS 0x0000000628400000, 0x0000000628400000| Untracked 
| 115|0x0000000628800000, 0x0000000628800000, 0x0000000628c00000|  0%| F|  |TAMS 0x0000000628800000, 0x0000000628800000| Untracked 
| 116|0x0000000628c00000, 0x0000000628c00000, 0x0000000629000000|  0%| F|  |TAMS 0x0000000628c00000, 0x0000000628c00000| Untracked 
| 117|0x0000000629000000, 0x0000000629000000, 0x0000000629400000|  0%| F|  |TAMS 0x0000000629000000, 0x0000000629000000| Untracked 
| 118|0x0000000629400000, 0x0000000629400000, 0x0000000629800000|  0%| F|  |TAMS 0x0000000629400000, 0x0000000629400000| Untracked 
| 119|0x0000000629800000, 0x0000000629800000, 0x0000000629c00000|  0%| F|  |TAMS 0x0000000629800000, 0x0000000629800000| Untracked 
| 120|0x0000000629c00000, 0x0000000629c00000, 0x000000062a000000|  0%| F|  |TAMS 0x0000000629c00000, 0x0000000629c00000| Untracked 
| 121|0x000000062a000000, 0x000000062a000000, 0x000000062a400000|  0%| F|  |TAMS 0x000000062a000000, 0x000000062a000000| Untracked 
| 122|0x000000062a400000, 0x000000062a400000, 0x000000062a800000|  0%| F|  |TAMS 0x000000062a400000, 0x000000062a400000| Untracked 
| 123|0x000000062a800000, 0x000000062a800000, 0x000000062ac00000|  0%| F|  |TAMS 0x000000062a800000, 0x000000062a800000| Untracked 
| 124|0x000000062ac00000, 0x000000062ac00000, 0x000000062b000000|  0%| F|  |TAMS 0x000000062ac00000, 0x000000062ac00000| Untracked 
| 125|0x000000062b000000, 0x000000062b000000, 0x000000062b400000|  0%| F|  |TAMS 0x000000062b000000, 0x000000062b000000| Untracked 
| 126|0x000000062b400000, 0x000000062b400000, 0x000000062b800000|  0%| F|  |TAMS 0x000000062b400000, 0x000000062b400000| Untracked 
| 127|0x000000062b800000, 0x000000062b800000, 0x000000062bc00000|  0%| F|  |TAMS 0x000000062b800000, 0x000000062b800000| Untracked 
| 128|0x000000062bc00000, 0x000000062bc00000, 0x000000062c000000|  0%| F|  |TAMS 0x000000062bc00000, 0x000000062bc00000| Untracked 
| 129|0x000000062c000000, 0x000000062c000000, 0x000000062c400000|  0%| F|  |TAMS 0x000000062c000000, 0x000000062c000000| Untracked 
| 130|0x000000062c400000, 0x000000062c400000, 0x000000062c800000|  0%| F|  |TAMS 0x000000062c400000, 0x000000062c400000| Untracked 
| 131|0x000000062c800000, 0x000000062c800000, 0x000000062cc00000|  0%| F|  |TAMS 0x000000062c800000, 0x000000062c800000| Untracked 
| 132|0x000000062cc00000, 0x000000062cc00000, 0x000000062d000000|  0%| F|  |TAMS 0x000000062cc00000, 0x000000062cc00000| Untracked 
| 133|0x000000062d000000, 0x000000062d000000, 0x000000062d400000|  0%| F|  |TAMS 0x000000062d000000, 0x000000062d000000| Untracked 
| 134|0x000000062d400000, 0x000000062d400000, 0x000000062d800000|  0%| F|  |TAMS 0x000000062d400000, 0x000000062d400000| Untracked 
| 135|0x000000062d800000, 0x000000062d800000, 0x000000062dc00000|  0%| F|  |TAMS 0x000000062d800000, 0x000000062d800000| Untracked 
| 136|0x000000062dc00000, 0x000000062dc00000, 0x000000062e000000|  0%| F|  |TAMS 0x000000062dc00000, 0x000000062dc00000| Untracked 
| 137|0x000000062e000000, 0x000000062e000000, 0x000000062e400000|  0%| F|  |TAMS 0x000000062e000000, 0x000000062e000000| Untracked 
| 138|0x000000062e400000, 0x000000062e400000, 0x000000062e800000|  0%| F|  |TAMS 0x000000062e400000, 0x000000062e400000| Untracked 
| 139|0x000000062e800000, 0x000000062e800000, 0x000000062ec00000|  0%| F|  |TAMS 0x000000062e800000, 0x000000062e800000| Untracked 
| 140|0x000000062ec00000, 0x000000062ec00000, 0x000000062f000000|  0%| F|  |TAMS 0x000000062ec00000, 0x000000062ec00000| Untracked 
| 141|0x000000062f000000, 0x000000062f000000, 0x000000062f400000|  0%| F|  |TAMS 0x000000062f000000, 0x000000062f000000| Untracked 
| 142|0x000000062f400000, 0x000000062f400000, 0x000000062f800000|  0%| F|  |TAMS 0x000000062f400000, 0x000000062f400000| Untracked 
| 143|0x000000062f800000, 0x000000062f800000, 0x000000062fc00000|  0%| F|  |TAMS 0x000000062f800000, 0x000000062f800000| Untracked 
| 144|0x000000062fc00000, 0x000000062fc00000, 0x0000000630000000|  0%| F|  |TAMS 0x000000062fc00000, 0x000000062fc00000| Untracked 
| 145|0x0000000630000000, 0x0000000630000000, 0x0000000630400000|  0%| F|  |TAMS 0x0000000630000000, 0x0000000630000000| Untracked 
| 146|0x0000000630400000, 0x0000000630400000, 0x0000000630800000|  0%| F|  |TAMS 0x0000000630400000, 0x0000000630400000| Untracked 
| 147|0x0000000630800000, 0x0000000630800000, 0x0000000630c00000|  0%| F|  |TAMS 0x0000000630800000, 0x0000000630800000| Untracked 
| 148|0x0000000630c00000, 0x0000000630c00000, 0x0000000631000000|  0%| F|  |TAMS 0x0000000630c00000, 0x0000000630c00000| Untracked 
| 149|0x0000000631000000, 0x0000000631000000, 0x0000000631400000|  0%| F|  |TAMS 0x0000000631000000, 0x0000000631000000| Untracked 
| 150|0x0000000631400000, 0x0000000631400000, 0x0000000631800000|  0%| F|  |TAMS 0x0000000631400000, 0x0000000631400000| Untracked 
| 151|0x0000000631800000, 0x0000000631800000, 0x0000000631c00000|  0%| F|  |TAMS 0x0000000631800000, 0x0000000631800000| Untracked 
| 152|0x0000000631c00000, 0x0000000631c00000, 0x0000000632000000|  0%| F|  |TAMS 0x0000000631c00000, 0x0000000631c00000| Untracked 
| 153|0x0000000632000000, 0x0000000632400000, 0x0000000632400000|100%| E|  |TAMS 0x0000000632000000, 0x0000000632000000| Complete 
| 154|0x0000000632400000, 0x0000000632800000, 0x0000000632800000|100%| E|CS|TAMS 0x0000000632400000, 0x0000000632400000| Complete 
| 155|0x0000000632800000, 0x0000000632c00000, 0x0000000632c00000|100%| E|CS|TAMS 0x0000000632800000, 0x0000000632800000| Complete 
| 156|0x0000000632c00000, 0x0000000633000000, 0x0000000633000000|100%| E|CS|TAMS 0x0000000632c00000, 0x0000000632c00000| Complete 
| 157|0x0000000633000000, 0x0000000633400000, 0x0000000633400000|100%| E|CS|TAMS 0x0000000633000000, 0x0000000633000000| Complete 
| 158|0x0000000633400000, 0x0000000633800000, 0x0000000633800000|100%| E|CS|TAMS 0x0000000633400000, 0x0000000633400000| Complete 
| 159|0x0000000633800000, 0x0000000633c00000, 0x0000000633c00000|100%| E|CS|TAMS 0x0000000633800000, 0x0000000633800000| Complete 
| 160|0x0000000633c00000, 0x0000000634000000, 0x0000000634000000|100%| E|CS|TAMS 0x0000000633c00000, 0x0000000633c00000| Complete 
| 161|0x0000000634000000, 0x0000000634400000, 0x0000000634400000|100%| E|CS|TAMS 0x0000000634000000, 0x0000000634000000| Complete 
| 162|0x0000000634400000, 0x0000000634800000, 0x0000000634800000|100%| E|CS|TAMS 0x0000000634400000, 0x0000000634400000| Complete 
| 163|0x0000000634800000, 0x0000000634c00000, 0x0000000634c00000|100%| E|CS|TAMS 0x0000000634800000, 0x0000000634800000| Complete 
| 164|0x0000000634c00000, 0x0000000635000000, 0x0000000635000000|100%| E|CS|TAMS 0x0000000634c00000, 0x0000000634c00000| Complete 
| 165|0x0000000635000000, 0x0000000635400000, 0x0000000635400000|100%| E|CS|TAMS 0x0000000635000000, 0x0000000635000000| Complete 
| 166|0x0000000635400000, 0x0000000635800000, 0x0000000635800000|100%| E|CS|TAMS 0x0000000635400000, 0x0000000635400000| Complete 
|1999|0x00000007ff800000, 0x00000007ffb75000, 0x00000007ffc00000| 86%|OA|  |TAMS 0x00000007ffb75000, 0x00000007ff800000| Untracked 
|2000|0x00000007ffc00000, 0x00000007ffc78000, 0x0000000800000000| 11%|CA|  |TAMS 0x00000007ffc78000, 0x00000007ffc00000| Untracked 

Card table byte_map: [0x00007f804425e000,0x00007f8045200000] _byte_map_base: 0x00007f8041200000

Marking Bits (Prev, Next): (CMBitMap*) 0x00007f805c048200, (CMBitMap*) 0x00007f805c0481c0
 Prev Bits: [0x00007f803389c000, 0x00007f803b5ac000)
 Next Bits: [0x00007f803b5ac000, 0x00007f80432bc000)

Polling page: 0x00007f80641c2000

Metaspace:

Usage:
  Non-class:     29.81 MB used.
      Class:      3.73 MB used.
       Both:     33.54 MB used.

Virtual space:
  Non-class space:       64.00 MB reserved,      30.00 MB ( 47%) committed,  1 nodes.
      Class space:        1.00 GB reserved,       3.94 MB ( <1%) committed,  1 nodes.
             Both:        1.06 GB reserved,      33.94 MB (  3%) committed. 

Chunk freelists:
   Non-Class:  1.94 MB
       Class:  12.08 MB
        Both:  14.02 MB

MaxMetaspaceSize: unlimited
CompressedClassSpaceSize: 1.00 GB
Initial GC threshold: 21.00 MB
Current GC threshold: 35.44 MB
CDS: on
MetaspaceReclaimPolicy: balanced
 - commit_granule_bytes: 65536.
 - commit_granule_words: 8192.
 - virtual_space_node_default_size: 8388608.
 - enlarge_chunks_in_place: 1.
 - new_chunks_are_fully_committed: 0.
 - uncommit_free_chunks: 1.
 - use_allocation_guard: 0.
 - handle_deallocations: 1.


Internal statistics:

num_allocs_failed_limit: 3.
num_arena_births: 298.
num_arena_deaths: 0.
num_vsnodes_births: 2.
num_vsnodes_deaths: 0.
num_space_committed: 543.
num_space_uncommitted: 0.
num_chunks_returned_to_freelist: 3.
num_chunks_taken_from_freelist: 1668.
num_chunk_merges: 3.
num_chunk_splits: 1114.
num_chunks_enlarged: 810.
num_inconsistent_stats: 0.

CodeHeap 'non-profiled nmethods': size=120028Kb used=5314Kb max_used=5314Kb free=114713Kb
 bounds [0x00007f804ccc9000, 0x00007f804d209000, 0x00007f8054200000]
CodeHeap 'profiled nmethods': size=120028Kb used=18464Kb max_used=18464Kb free=101563Kb
 bounds [0x00007f8045200000, 0x00007f8046410000, 0x00007f804c737000]
CodeHeap 'non-nmethods': size=5704Kb used=1208Kb max_used=1293Kb free=4496Kb
 bounds [0x00007f804c737000, 0x00007f804c9a7000, 0x00007f804ccc9000]
 total_blobs=9246 nmethods=8735 adapters=424
 compilation: enabled
              stopped_count=0, restarted_count=0
 full_count=0

Compilation events (20 events):
Event: 6.236 Thread 0x00007f805c156470 10491       2       com.sun.tools.javac.tree.TreeMaker::Types (46 bytes)
Event: 6.237 Thread 0x00007f805c156470 nmethod 10491 0x00007f80463f3e90 code [0x00007f80463f4060, 0x00007f80463f4370]
Event: 6.239 Thread 0x00007f805c156470 10492       2       lombok.javac.JavacASTAdapter::endVisitLocal (1 bytes)
Event: 6.239 Thread 0x00007f805c156470 nmethod 10492 0x00007f80463f4510 code [0x00007f80463f46a0, 0x00007f80463f4790]
Event: 6.240 Thread 0x00007f805c156470 10494       2       lombok.javac.JavacAST::buildTypeUse (398 bytes)
Event: 6.242 Thread 0x00007f805c156470 nmethod 10494 0x00007f80463f4810 code [0x00007f80463f4d40, 0x00007f80463f6be0]
Event: 6.242 Thread 0x00007f805c156470 10495       2       lombok.javac.JavacAST::buildMethod (192 bytes)
Event: 6.242 Thread 0x00007f805c156470 nmethod 10495 0x00007f80463f7b10 code [0x00007f80463f7e20, 0x00007f80463f8f10]
Event: 6.242 Thread 0x00007f805c156470 10497       2       lombok.javac.JavacAST::buildExpression (6 bytes)
Event: 6.243 Thread 0x00007f805c156470 nmethod 10497 0x00007f80463f9790 code [0x00007f80463f9940, 0x00007f80463f9a60]
Event: 6.243 Thread 0x00007f805c156470 10496       2       com.sun.tools.javac.model.JavacElements::instance (25 bytes)
Event: 6.243 Thread 0x00007f805c156470 nmethod 10496 0x00007f80463f9b10 code [0x00007f80463f9ce0, 0x00007f80463f9f00]
Event: 6.243 Thread 0x00007f805c156470 10499       2       com.sun.tools.javac.comp.Modules$$Lambda$317/0x00007f7fdc3179e8::test (8 bytes)
Event: 6.243 Thread 0x00007f805c156470 nmethod 10499 0x00007f80463fa090 code [0x00007f80463fa260, 0x00007f80463fa4b0]
Event: 6.243 Thread 0x00007f805c156470 10500       2       com.sun.tools.javac.comp.Modules::lambda$setupAllModules$12 (25 bytes)
Event: 6.243 Thread 0x00007f805c156470 nmethod 10500 0x00007f80463fa610 code [0x00007f80463fa7e0, 0x00007f80463fa9d0]
Event: 6.247 Thread 0x00007f805c154f30 nmethod 10332 0x00007f804d1ed490 code [0x00007f804d1ed980, 0x00007f804d1f1be0]
Event: 6.247 Thread 0x00007f805c154f30 10489       4       java.util.HashMap::getNode (150 bytes)
Event: 6.249 Thread 0x00007f805c154f30 nmethod 10489 0x00007f804d1f4190 code [0x00007f804d1f4340, 0x00007f804d1f4628]
Event: 6.249 Thread 0x00007f805c154f30 10481       4       java.util.HashMap$Values::iterator (12 bytes)

GC Heap History (18 events):
Event: 0.417 GC heap before
{Heap before GC invocations=0 (full 0):
 garbage-first heap   total 524288K, used 28596K [0x000000060bc00000, 0x0000000800000000)
  region size 4096K, 6 young (24576K), 0 survivors (0K)
 Metaspace       used 5531K, committed 5696K, reserved 1114112K
  class space    used 672K, committed 768K, reserved 1048576K
}
Event: 0.422 GC heap after
{Heap after GC invocations=1 (full 0):
 garbage-first heap   total 524288K, used 7276K [0x000000060bc00000, 0x0000000800000000)
  region size 4096K, 1 young (4096K), 1 survivors (4096K)
 Metaspace       used 5531K, committed 5696K, reserved 1114112K
  class space    used 672K, committed 768K, reserved 1048576K
}
Event: 0.727 GC heap before
{Heap before GC invocations=1 (full 0):
 garbage-first heap   total 524288K, used 35948K [0x000000060bc00000, 0x0000000800000000)
  region size 4096K, 8 young (32768K), 1 survivors (4096K)
 Metaspace       used 10007K, committed 10112K, reserved 1114112K
  class space    used 1235K, committed 1280K, reserved 1048576K
}
Event: 0.732 GC heap after
{Heap after GC invocations=2 (full 0):
 garbage-first heap   total 524288K, used 8833K [0x000000060bc00000, 0x0000000800000000)
  region size 4096K, 1 young (4096K), 1 survivors (4096K)
 Metaspace       used 10007K, committed 10112K, reserved 1114112K
  class space    used 1235K, committed 1280K, reserved 1048576K
}
Event: 2.099 GC heap before
{Heap before GC invocations=2 (full 0):
 garbage-first heap   total 524288K, used 184961K [0x000000060bc00000, 0x0000000800000000)
  region size 4096K, 37 young (151552K), 1 survivors (4096K)
 Metaspace       used 21217K, committed 21504K, reserved 1114112K
  class space    used 2522K, committed 2688K, reserved 1048576K
}
Event: 2.117 GC heap after
{Heap after GC invocations=3 (full 0):
 garbage-first heap   total 524288K, used 24872K [0x000000060bc00000, 0x0000000800000000)
  region size 4096K, 5 young (20480K), 5 survivors (20480K)
 Metaspace       used 21217K, committed 21504K, reserved 1114112K
  class space    used 2522K, committed 2688K, reserved 1048576K
}
Event: 2.600 GC heap before
{Heap before GC invocations=4 (full 0):
 garbage-first heap   total 122880K, used 78120K [0x000000060bc00000, 0x0000000800000000)
  region size 4096K, 18 young (73728K), 5 survivors (20480K)
 Metaspace       used 26119K, committed 26432K, reserved 1114112K
  class space    used 3053K, committed 3200K, reserved 1048576K
}
Event: 2.612 GC heap after
{Heap after GC invocations=5 (full 0):
 garbage-first heap   total 122880K, used 37688K [0x000000060bc00000, 0x0000000800000000)
  region size 4096K, 3 young (12288K), 3 survivors (12288K)
 Metaspace       used 26119K, committed 26432K, reserved 1114112K
  class space    used 3053K, committed 3200K, reserved 1048576K
}
Event: 2.622 GC heap before
{Heap before GC invocations=5 (full 0):
 garbage-first heap   total 122880K, used 41784K [0x000000060bc00000, 0x0000000800000000)
  region size 4096K, 4 young (16384K), 3 survivors (12288K)
 Metaspace       used 26129K, committed 26432K, reserved 1114112K
  class space    used 3053K, committed 3200K, reserved 1048576K
}
Event: 2.633 GC heap after
{Heap after GC invocations=6 (full 0):
 garbage-first heap   total 319488K, used 40811K [0x000000060bc00000, 0x0000000800000000)
  region size 4096K, 1 young (4096K), 1 survivors (4096K)
 Metaspace       used 26129K, committed 26432K, reserved 1114112K
  class space    used 3053K, committed 3200K, reserved 1048576K
}
Event: 3.510 GC heap before
{Heap before GC invocations=6 (full 0):
 garbage-first heap   total 319488K, used 192363K [0x000000060bc00000, 0x0000000800000000)
  region size 4096K, 38 young (155648K), 1 survivors (4096K)
 Metaspace       used 29578K, committed 29888K, reserved 1114112K
  class space    used 3368K, committed 3520K, reserved 1048576K
}
Event: 3.525 GC heap after
{Heap after GC invocations=7 (full 0):
 garbage-first heap   total 319488K, used 50326K [0x000000060bc00000, 0x0000000800000000)
  region size 4096K, 3 young (12288K), 3 survivors (12288K)
 Metaspace       used 29578K, committed 29888K, reserved 1114112K
  class space    used 3368K, committed 3520K, reserved 1048576K
}
Event: 3.959 GC heap before
{Heap before GC invocations=7 (full 0):
 garbage-first heap   total 319488K, used 205974K [0x000000060bc00000, 0x0000000800000000)
  region size 4096K, 41 young (167936K), 3 survivors (12288K)
 Metaspace       used 29791K, committed 30144K, reserved 1114112K
  class space    used 3378K, committed 3520K, reserved 1048576K
}
Event: 3.974 GC heap after
{Heap after GC invocations=8 (full 0):
 garbage-first heap   total 319488K, used 56310K [0x000000060bc00000, 0x0000000800000000)
  region size 4096K, 5 young (20480K), 5 survivors (20480K)
 Metaspace       used 29791K, committed 30144K, reserved 1114112K
  class space    used 3378K, committed 3520K, reserved 1048576K
}
Event: 4.561 GC heap before
{Heap before GC invocations=8 (full 0):
 garbage-first heap   total 319488K, used 224246K [0x000000060bc00000, 0x0000000800000000)
  region size 4096K, 46 young (188416K), 5 survivors (20480K)
 Metaspace       used 29965K, committed 30272K, reserved 1114112K
  class space    used 3378K, committed 3520K, reserved 1048576K
}
Event: 4.571 GC heap after
{Heap after GC invocations=9 (full 0):
 garbage-first heap   total 319488K, used 57082K [0x000000060bc00000, 0x0000000800000000)
  region size 4096K, 2 young (8192K), 2 survivors (8192K)
 Metaspace       used 29965K, committed 30272K, reserved 1114112K
  class space    used 3378K, committed 3520K, reserved 1048576K
}
Event: 6.011 GC heap before
{Heap before GC invocations=9 (full 0):
 garbage-first heap   total 319488K, used 237306K [0x000000060bc00000, 0x0000000800000000)
  region size 4096K, 46 young (188416K), 2 survivors (8192K)
 Metaspace       used 32874K, committed 33344K, reserved 1114112K
  class space    used 3647K, committed 3904K, reserved 1048576K
}
Event: 6.027 GC heap after
{Heap after GC invocations=10 (full 0):
 garbage-first heap   total 692224K, used 81834K [0x000000060bc00000, 0x0000000800000000)
  region size 4096K, 6 young (24576K), 6 survivors (24576K)
 Metaspace       used 32874K, committed 33344K, reserved 1114112K
  class space    used 3647K, committed 3904K, reserved 1048576K
}

Dll operation events (8 events):
Event: 0.001 Loaded shared library /usr/lib/jvm/java-17-openjdk/lib/libjava.so
Event: 0.015 Loaded shared library /usr/lib/jvm/java-17-openjdk/lib/libjsvml.so
Event: 0.033 Loaded shared library /usr/lib/jvm/java-17-openjdk/lib/libnio.so
Event: 0.035 Loaded shared library /usr/lib/jvm/java-17-openjdk/lib/libzip.so
Event: 0.043 Loaded shared library /usr/lib/jvm/java-17-openjdk/lib/libnet.so
Event: 0.115 Loaded shared library /usr/lib/jvm/java-17-openjdk/lib/libjimage.so
Event: 0.121 Loaded shared library /tmp/jansi-2.4.2-26813539ddab8a3c-libjansi.so
Event: 0.127 Loaded shared library /usr/lib/jvm/java-17-openjdk/lib/libverify.so

Deoptimization events (20 events):
Event: 6.055 Thread 0x00007f805c018870 DEOPT PACKING pc=0x00007f804d14784c sp=0x00007f8062bfc540
Event: 6.055 Thread 0x00007f805c018870 DEOPT UNPACKING pc=0x00007f804c78d699 sp=0x00007f8062bfc510 mode 2
Event: 6.060 Thread 0x00007f805c018870 Uncommon trap: trap_request=0xffffffde fr.pc=0x00007f804d14bb5c relative=0x00000000000024dc
Event: 6.060 Thread 0x00007f805c018870 Uncommon trap: reason=class_check action=maybe_recompile pc=0x00007f804d14bb5c method=com.sun.tools.javac.comp.Check$1AnnotationValidator.visitAnnotation(Lcom/sun/tools/javac/tree/JCTree$JCAnnotation;)V @ 4 c2
Event: 6.060 Thread 0x00007f805c018870 DEOPT PACKING pc=0x00007f804d14bb5c sp=0x00007f8062bfc940
Event: 6.060 Thread 0x00007f805c018870 DEOPT UNPACKING pc=0x00007f804c78d699 sp=0x00007f8062bfc950 mode 2
Event: 6.061 Thread 0x00007f805c018870 Uncommon trap: trap_request=0xffffffde fr.pc=0x00007f804d14bb5c relative=0x00000000000024dc
Event: 6.061 Thread 0x00007f805c018870 Uncommon trap: reason=class_check action=maybe_recompile pc=0x00007f804d14bb5c method=com.sun.tools.javac.comp.Check$1AnnotationValidator.visitAnnotation(Lcom/sun/tools/javac/tree/JCTree$JCAnnotation;)V @ 4 c2
Event: 6.061 Thread 0x00007f805c018870 DEOPT PACKING pc=0x00007f804d14bb5c sp=0x00007f8062bfc7f0
Event: 6.061 Thread 0x00007f805c018870 DEOPT UNPACKING pc=0x00007f804c78d699 sp=0x00007f8062bfc800 mode 2
Event: 6.062 Thread 0x00007f805c018870 Uncommon trap: trap_request=0xffffffde fr.pc=0x00007f804d14bb5c relative=0x00000000000024dc
Event: 6.062 Thread 0x00007f805c018870 Uncommon trap: reason=class_check action=maybe_recompile pc=0x00007f804d14bb5c method=com.sun.tools.javac.comp.Check$1AnnotationValidator.visitAnnotation(Lcom/sun/tools/javac/tree/JCTree$JCAnnotation;)V @ 4 c2
Event: 6.062 Thread 0x00007f805c018870 DEOPT PACKING pc=0x00007f804d14bb5c sp=0x00007f8062bfc940
Event: 6.062 Thread 0x00007f805c018870 DEOPT UNPACKING pc=0x00007f804c78d699 sp=0x00007f8062bfc950 mode 2
Event: 6.062 Thread 0x00007f805c018870 Uncommon trap: trap_request=0xffffffde fr.pc=0x00007f804d14bb5c relative=0x00000000000024dc
Event: 6.062 Thread 0x00007f805c018870 Uncommon trap: reason=class_check action=maybe_recompile pc=0x00007f804d14bb5c method=com.sun.tools.javac.comp.Check$1AnnotationValidator.visitAnnotation(Lcom/sun/tools/javac/tree/JCTree$JCAnnotation;)V @ 4 c2
Event: 6.062 Thread 0x00007f805c018870 DEOPT PACKING pc=0x00007f804d14bb5c sp=0x00007f8062bfc940
Event: 6.062 Thread 0x00007f805c018870 DEOPT UNPACKING pc=0x00007f804c78d699 sp=0x00007f8062bfc950 mode 2
Event: 6.076 Thread 0x00007f805c018870 DEOPT PACKING pc=0x00007f804639ff0b sp=0x00007f8062bfbb90
Event: 6.076 Thread 0x00007f805c018870 DEOPT UNPACKING pc=0x00007f804c78de2f sp=0x00007f8062bfb020 mode 0

Classes loaded (20 events):
Event: 5.094 Loading class java/util/stream/Nodes$IntFixedNodeBuilder
Event: 5.094 Loading class java/util/stream/Node$Builder$OfInt
Event: 5.094 Loading class java/util/stream/Node$Builder$OfInt done
Event: 5.094 Loading class java/util/stream/Nodes$IntArrayNode
Event: 5.094 Loading class java/util/stream/Nodes$IntArrayNode done
Event: 5.094 Loading class java/util/stream/Nodes$IntFixedNodeBuilder done
Event: 5.095 Loading class java/util/stream/ReferencePipeline$4$1
Event: 5.095 Loading class java/util/stream/ReferencePipeline$4$1 done
Event: 5.445 Loading class java/io/DataOutputStream
Event: 5.445 Loading class java/io/DataOutputStream done
Event: 5.814 Loading class java/util/EnumMap$Values
Event: 5.815 Loading class java/util/EnumMap$Values done
Event: 5.815 Loading class java/util/EnumMap$ValueIterator
Event: 5.815 Loading class java/util/EnumMap$ValueIterator done
Event: 5.815 Loading class java/util/WeakHashMap$KeyIterator
Event: 5.815 Loading class java/util/WeakHashMap$KeyIterator done
Event: 5.817 Loading class java/text/MessageFormat$Field
Event: 5.817 Loading class java/text/MessageFormat$Field done
Event: 6.068 Loading class jdk/internal/module/IllegalAccessLogger
Event: 6.068 Loading class jdk/internal/module/IllegalAccessLogger done

Classes unloaded (0 events):
No events

Classes redefined (0 events):
No events

Internal exceptions (20 events):
Event: 2.327 Thread 0x00007f805c018870 Exception <a 'java/lang/NoSuchMethodError'{0x0000000610f05718}: 'java.lang.Object java.lang.invoke.DirectMethodHandle$Holder.invokeSpecial(java.lang.Object, java.lang.Object, java.lang.Object, int, int)'> (0x0000000610f05718) 
thrown [/usr/src/debug/java17-openjdk/jdk17u-jdk-17.0.18-8/src/hotspot/share/interpreter/linkResolver.cpp, line 758]
Event: 2.481 Thread 0x00007f805c018870 Exception <a 'java/lang/NoSuchMethodError'{0x000000060ec3a7f0}: 'int java.lang.invoke.DirectMethodHandle$Holder.invokeSpecial(java.lang.Object, java.lang.Object, java.lang.Object, java.lang.Object, java.lang.Object)'> (0x000000060ec3a7f0) 
thrown [/usr/src/debug/java17-openjdk/jdk17u-jdk-17.0.18-8/src/hotspot/share/interpreter/linkResolver.cpp, line 758]
Event: 2.534 Thread 0x00007f805c018870 Exception <a 'java/lang/NoSuchMethodError'{0x000000060e8f2a68}: 'java.lang.Object java.lang.invoke.DirectMethodHandle$Holder.invokeStatic(java.lang.Object, java.lang.Object, int, int)'> (0x000000060e8f2a68) 
thrown [/usr/src/debug/java17-openjdk/jdk17u-jdk-17.0.18-8/src/hotspot/share/interpreter/linkResolver.cpp, line 758]
Event: 2.619 Thread 0x00007f805c018870 Implicit null exception at 0x00007f804cf51edf to 0x00007f804cf528c8
Event: 2.920 Thread 0x00007f805c018870 Exception <a 'java/lang/NoSuchMethodError'{0x000000061c29fdf8}: 'java.lang.Object java.lang.invoke.DirectMethodHandle$Holder.newInvokeSpecial(java.lang.Object, java.lang.Object, int)'> (0x000000061c29fdf8) 
thrown [/usr/src/debug/java17-openjdk/jdk17u-jdk-17.0.18-8/src/hotspot/share/interpreter/linkResolver.cpp, line 758]
Event: 2.946 Thread 0x00007f805c018870 Implicit null exception at 0x00007f804ce01772 to 0x00007f804ce01990
Event: 3.121 Thread 0x00007f805c018870 Implicit null exception at 0x00007f804ceb5219 to 0x00007f804ceb5860
Event: 3.195 Thread 0x00007f805c018870 Implicit null exception at 0x00007f804ceb164c to 0x00007f804ceb1798
Event: 3.434 Thread 0x00007f805c018870 Implicit null exception at 0x00007f804cdb2135 to 0x00007f804cdb2ac5
Event: 4.701 Thread 0x00007f805c018870 Exception <a 'java/lang/NoSuchMethodError'{0x0000000620d10298}: 'int java.lang.invoke.DirectMethodHandle$Holder.invokeVirtual(java.lang.Object, java.lang.Object, java.lang.Object, java.lang.Object)'> (0x0000000620d10298) 
thrown [/usr/src/debug/java17-openjdk/jdk17u-jdk-17.0.18-8/src/hotspot/share/interpreter/linkResolver.cpp, line 758]
Event: 4.702 Thread 0x00007f805c018870 Exception <a 'java/lang/NoSuchMethodError'{0x0000000620d1b6e0}: 'java.lang.Object java.lang.invoke.DirectMethodHandle$Holder.newInvokeSpecial(java.lang.Object, java.lang.Object, int, java.lang.Object)'> (0x0000000620d1b6e0) 
thrown [/usr/src/debug/java17-openjdk/jdk17u-jdk-17.0.18-8/src/hotspot/share/interpreter/linkResolver.cpp, line 758]
Event: 4.702 Thread 0x00007f805c018870 Exception <a 'java/lang/NoSuchMethodError'{0x0000000620d20010}: 'java.lang.Object java.lang.invoke.DirectMethodHandle$Holder.invokeSpecial(java.lang.Object, java.lang.Object, java.lang.Object, int, java.lang.Object)'> (0x0000000620d20010) 
thrown [/usr/src/debug/java17-openjdk/jdk17u-jdk-17.0.18-8/src/hotspot/share/interpreter/linkResolver.cpp, line 758]
Event: 4.815 Thread 0x00007f805c018870 Exception <a 'java/lang/NoSuchMethodError'{0x000000061cc9cab0}: 'java.lang.Object java.lang.invoke.DirectMethodHandle$Holder.newInvokeSpecial(java.lang.Object, java.lang.Object, java.lang.Object, java.lang.Object, java.lang.Object, java.lang.Object, java.lang.Object, java.lang.Object)'> (0x000000061cc9cab0) 
thrown [/usr/src/debug/java17-openjdk/jdk17u-jdk-17.0.18-8/src/hotspot/share/interpreter/linkResolver.cpp, line 758]
Event: 4.816 Thread 0x00007f805c018870 Exception <a 'java/lang/NoSuchMethodError'{0x000000061cca1f28}: 'java.lang.Object java.lang.invoke.DirectMethodHandle$Holder.invokeSpecial(java.lang.Object, java.lang.Object, java.lang.Object, java.lang.Object, java.lang.Object, java.lang.Object, java.lang.Object, java.lang.Object, java.lang.Object)'> (0x000000061cca1f28) 
thrown [/usr/src/debug/java17-openjdk/jdk17u-jdk-17.0.18-8/src/hotspot/share/interpreter/linkResolver.cpp, line 758]
Event: 4.816 Thread 0x00007f805c018870 Exception <a 'java/lang/NoSuchMethodError'{0x000000061cca7100}: 'java.lang.Object java.lang.invoke.Invokers$Holder.linkToTargetMethod(java.lang.Object, java.lang.Object, java.lang.Object, java.lang.Object, java.lang.Object, java.lang.Object, java.lang.Object, java.lang.Object)'> (0x000000061cca7100) 
thrown [/usr/src/debug/java17-openjdk/jdk17u-jdk-17.0.18-8/src/hotspot/share/interpreter/linkResolver.cpp, line 758]
Event: 5.087 Thread 0x00007f805c018870 Exception <a 'java/lang/NoSuchMethodError'{0x000000061c14a580}: 'java.lang.Object java.lang.invoke.DirectMethodHandle$Holder.newInvokeSpecial(java.lang.Object, java.lang.Object, java.lang.Object, java.lang.Object, java.lang.Object, java.lang.Object, java.lang.Object, int)'> (0x000000061c14a580) 
thrown [/usr/src/debug/java17-openjdk/jdk17u-jdk-17.0.18-8/src/hotspot/share/interpreter/linkResolver.cpp, line 758]
Event: 5.087 Thread 0x00007f805c018870 Exception <a 'java/lang/NoSuchMethodError'{0x000000061c14fe20}: 'java.lang.Object java.lang.invoke.DirectMethodHandle$Holder.invokeSpecial(java.lang.Object, java.lang.Object, java.lang.Object, java.lang.Object, java.lang.Object, java.lang.Object, java.lang.Object, java.lang.Object, int)'> (0x000000061c14fe20) 
thrown [/usr/src/debug/java17-openjdk/jdk17u-jdk-17.0.18-8/src/hotspot/share/interpreter/linkResolver.cpp, line 758]
Event: 5.868 Thread 0x00007f805c018870 Exception <a 'sun/nio/fs/UnixException'{0x00000006177ac6a8}> (0x00000006177ac6a8) 
thrown [/usr/src/debug/java17-openjdk/jdk17u-jdk-17.0.18-8/src/hotspot/share/prims/jni.cpp, line 516]
Event: 5.881 Thread 0x00007f805c018870 Implicit null exception at 0x00007f804d0fef95 to 0x00007f804d0ff7d8
Event: 6.053 Thread 0x00007f805c018870 Implicit null exception at 0x00007f804cd837f7 to 0x00007f804cd83998

VM Operations (20 events):
Event: 5.283 Executing VM operation: ICBufferFull
Event: 5.283 Executing VM operation: ICBufferFull done
Event: 5.365 Executing VM operation: ICBufferFull
Event: 5.365 Executing VM operation: ICBufferFull done
Event: 5.486 Executing VM operation: ICBufferFull
Event: 5.487 Executing VM operation: ICBufferFull done
Event: 5.570 Executing VM operation: ICBufferFull
Event: 5.570 Executing VM operation: ICBufferFull done
Event: 5.632 Executing VM operation: ICBufferFull
Event: 5.632 Executing VM operation: ICBufferFull done
Event: 5.694 Executing VM operation: ICBufferFull
Event: 5.695 Executing VM operation: ICBufferFull done
Event: 5.775 Executing VM operation: HandshakeAllThreads
Event: 5.775 Executing VM operation: HandshakeAllThreads done
Event: 5.778 Executing VM operation: ICBufferFull
Event: 5.778 Executing VM operation: ICBufferFull done
Event: 5.840 Executing VM operation: ICBufferFull
Event: 5.840 Executing VM operation: ICBufferFull done
Event: 6.011 Executing VM operation: G1CollectForAllocation
Event: 6.027 Executing VM operation: G1CollectForAllocation done

Memory protections (15 events):
Event: 0.001 Protecting memory [0x00007f8062b00000,0x00007f8062b04000] with protection modes 0
Event: 0.017 Protecting memory [0x00007f803112a000,0x00007f803112e000] with protection modes 0
Event: 0.017 Protecting memory [0x00007f8031029000,0x00007f803102d000] with protection modes 0
Event: 0.020 Protecting memory [0x00007f8030900000,0x00007f8030904000] with protection modes 0
Event: 0.020 Protecting memory [0x00007f80307ff000,0x00007f8030803000] with protection modes 0
Event: 0.020 Protecting memory [0x00007f80306fe000,0x00007f8030702000] with protection modes 0
Event: 0.020 Protecting memory [0x00007f80305fd000,0x00007f8030601000] with protection modes 0
Event: 0.020 Protecting memory [0x00007f80304fc000,0x00007f8030500000] with protection modes 0
Event: 0.020 Protecting memory [0x00007f80303fb000,0x00007f80303ff000] with protection modes 0
Event: 0.030 Protecting memory [0x00007f80302fa000,0x00007f80302fe000] with protection modes 0
Event: 0.032 Protecting memory [0x00007f80300f8000,0x00007f80300fc000] with protection modes 0
Event: 0.106 Protecting memory [0x00007f7fd6f00000,0x00007f7fd6f04000] with protection modes 0
Event: 0.115 Protecting memory [0x00007f7fd6dff000,0x00007f7fd6e03000] with protection modes 0
Event: 0.394 Protecting memory [0x00007f7fd6dff000,0x00007f7fd6e03000] with protection modes 0
Event: 1.003 Protecting memory [0x00007f7fd60f8000,0x00007f7fd60fc000] with protection modes 0

Nmethod flushes (20 events):
Event: 4.859 Thread 0x00007f805c15f8e0 flushing  nmethod 0x00007f804608d610
Event: 4.859 Thread 0x00007f805c15f8e0 flushing  nmethod 0x00007f8046094210
Event: 4.859 Thread 0x00007f805c15f8e0 flushing  nmethod 0x00007f80460b2c90
Event: 4.859 Thread 0x00007f805c15f8e0 flushing  nmethod 0x00007f80460c8e90
Event: 4.859 Thread 0x00007f805c15f8e0 flushing  nmethod 0x00007f80460d6810
Event: 4.859 Thread 0x00007f805c15f8e0 flushing  nmethod 0x00007f80460da690
Event: 4.859 Thread 0x00007f805c15f8e0 flushing  nmethod 0x00007f80460f1010
Event: 5.778 Thread 0x00007f805c15f8e0 flushing  nmethod 0x00007f804d130010
Event: 5.778 Thread 0x00007f805c15f8e0 flushing  nmethod 0x00007f804d143c10
Event: 5.779 Thread 0x00007f805c15f8e0 flushing  nmethod 0x00007f80452b1010
Event: 5.781 Thread 0x00007f805c15f8e0 flushing  nmethod 0x00007f8045445390
Event: 5.781 Thread 0x00007f805c15f8e0 flushing  nmethod 0x00007f8045474590
Event: 5.782 Thread 0x00007f805c15f8e0 flushing  nmethod 0x00007f8045525790
Event: 5.782 Thread 0x00007f805c15f8e0 flushing  nmethod 0x00007f8045586810
Event: 5.783 Thread 0x00007f805c15f8e0 flushing  nmethod 0x00007f804562e510
Event: 5.787 Thread 0x00007f805c15f8e0 flushing  nmethod 0x00007f8045b8b590
Event: 5.788 Thread 0x00007f805c15f8e0 flushing  nmethod 0x00007f8045c54c10
Event: 5.788 Thread 0x00007f805c15f8e0 flushing  nmethod 0x00007f8045c59c10
Event: 5.789 Thread 0x00007f805c15f8e0 flushing  nmethod 0x00007f8045dee810
Event: 5.790 Thread 0x00007f805c15f8e0 flushing  nmethod 0x00007f8045f11990

Events (16 events):
Event: 0.015 Thread 0x00007f805c018870 Thread added: 0x00007f805c018870
Event: 0.017 Thread 0x00007f805c018870 Thread added: 0x00007f805c14a340
Event: 0.017 Thread 0x00007f805c018870 Thread added: 0x00007f805c14b730
Event: 0.020 Thread 0x00007f805c018870 Thread added: 0x00007f805c150d90
Event: 0.020 Thread 0x00007f805c018870 Thread added: 0x00007f805c152150
Event: 0.020 Thread 0x00007f805c018870 Thread added: 0x00007f805c153570
Event: 0.020 Thread 0x00007f805c018870 Thread added: 0x00007f805c154f30
Event: 0.020 Thread 0x00007f805c018870 Thread added: 0x00007f805c156470
Event: 0.020 Thread 0x00007f805c018870 Thread added: 0x00007f805c15f8e0
Event: 0.030 Thread 0x00007f805c018870 Thread added: 0x00007f805c18f9d0
Event: 0.032 Thread 0x00007f805c018870 Thread added: 0x00007f805c1929b0
Event: 0.106 Thread 0x00007f805c156470 Thread added: 0x00007f7fb010ce80
Event: 0.115 Thread 0x00007f805c018870 Thread added: 0x00007f805c39e020
Event: 0.119 Thread 0x00007f805c39e020 Thread exited: 0x00007f805c39e020
Event: 0.394 Thread 0x00007f805c156470 Thread added: 0x00007f7fb01f9760
Event: 1.003 Thread 0x00007f805c018870 Thread added: 0x00007f805c994410


Dynamic libraries:
60bc00000-635800000 rw-p 00000000 00:00 0 
635800000-7ff800000 ---p 00000000 00:00 0 
7ff800000-7ffb00000 rw-p 00000000 00:00 0 
7ffb00000-7ffb75000 rw-p 00c77000 103:03 1713673                         /usr/lib/jvm/java-17-openjdk/lib/server/classes.jsa
7ffb75000-7ffc00000 rw-p 00000000 00:00 0 
7ffc00000-7ffc78000 rw-p 00bff000 103:03 1713673                         /usr/lib/jvm/java-17-openjdk/lib/server/classes.jsa
7ffc78000-800000000 rw-p 00000000 00:00 0 
56489ffde000-56489ffdf000 r--p 00000000 103:03 1444890                   /usr/lib/jvm/java-17-openjdk/bin/java
56489ffdf000-56489ffe0000 r-xp 00001000 103:03 1444890                   /usr/lib/jvm/java-17-openjdk/bin/java
56489ffe0000-56489ffe1000 r--p 00002000 103:03 1444890                   /usr/lib/jvm/java-17-openjdk/bin/java
56489ffe1000-56489ffe2000 r--p 00002000 103:03 1444890                   /usr/lib/jvm/java-17-openjdk/bin/java
56489ffe2000-56489ffe3000 rw-p 00003000 103:03 1444890                   /usr/lib/jvm/java-17-openjdk/bin/java
5648a6ace000-5648a6b15000 rw-p 00000000 00:00 0                          [heap]
7f7f40000000-7f7f40021000 rw-p 00000000 00:00 0 
7f7f40021000-7f7f44000000 ---p 00000000 00:00 0 
7f7f48000000-7f7f48021000 rw-p 00000000 00:00 0 
7f7f48021000-7f7f4c000000 ---p 00000000 00:00 0 
7f7f4c000000-7f7f4c021000 rw-p 00000000 00:00 0 
7f7f4c021000-7f7f50000000 ---p 00000000 00:00 0 
7f7f50000000-7f7f50021000 rw-p 00000000 00:00 0 
7f7f50021000-7f7f54000000 ---p 00000000 00:00 0 
7f7f54000000-7f7f54021000 rw-p 00000000 00:00 0 
7f7f54021000-7f7f58000000 ---p 00000000 00:00 0 
7f7f58000000-7f7f58021000 rw-p 00000000 00:00 0 
7f7f58021000-7f7f5c000000 ---p 00000000 00:00 0 
7f7f5c000000-7f7f5c021000 rw-p 00000000 00:00 0 
7f7f5c021000-7f7f60000000 ---p 00000000 00:00 0 
7f7f60000000-7f7f60021000 rw-p 00000000 00:00 0 
7f7f60021000-7f7f64000000 ---p 00000000 00:00 0 
7f7f64000000-7f7f64021000 rw-p 00000000 00:00 0 
7f7f64021000-7f7f68000000 ---p 00000000 00:00 0 
7f7f68000000-7f7f68021000 rw-p 00000000 00:00 0 
7f7f68021000-7f7f6c000000 ---p 00000000 00:00 0 
7f7f6c000000-7f7f6c021000 rw-p 00000000 00:00 0 
7f7f6c021000-7f7f70000000 ---p 00000000 00:00 0 
7f7f70000000-7f7f70021000 rw-p 00000000 00:00 0 
7f7f70021000-7f7f74000000 ---p 00000000 00:00 0 
7f7f74000000-7f7f74021000 rw-p 00000000 00:00 0 
7f7f74021000-7f7f78000000 ---p 00000000 00:00 0 
7f7f78000000-7f7f78021000 rw-p 00000000 00:00 0 
7f7f78021000-7f7f7c000000 ---p 00000000 00:00 0 
7f7f7c000000-7f7f7c021000 rw-p 00000000 00:00 0 
7f7f7c021000-7f7f80000000 ---p 00000000 00:00 0 
7f7f80000000-7f7f80021000 rw-p 00000000 00:00 0 
7f7f80021000-7f7f84000000 ---p 00000000 00:00 0 
7f7f84000000-7f7f84021000 rw-p 00000000 00:00 0 
7f7f84021000-7f7f88000000 ---p 00000000 00:00 0 
7f7f88000000-7f7f88021000 rw-p 00000000 00:00 0 
7f7f88021000-7f7f8c000000 ---p 00000000 00:00 0 
7f7f8c000000-7f7f8c021000 rw-p 00000000 00:00 0 
7f7f8c021000-7f7f90000000 ---p 00000000 00:00 0 
7f7f90000000-7f7f90021000 rw-p 00000000 00:00 0 
7f7f90021000-7f7f94000000 ---p 00000000 00:00 0 
7f7f94000000-7f7f94025000 rw-p 00000000 00:00 0 
7f7f94025000-7f7f98000000 ---p 00000000 00:00 0 
7f7f98000000-7f7f992b5000 rw-p 00000000 00:00 0 
7f7f992b5000-7f7f9c000000 ---p 00000000 00:00 0 
7f7f9c000000-7f7f9c021000 rw-p 00000000 00:00 0 
7f7f9c021000-7f7fa0000000 ---p 00000000 00:00 0 
7f7fa0000000-7f7fa0021000 rw-p 00000000 00:00 0 
7f7fa0021000-7f7fa4000000 ---p 00000000 00:00 0 
7f7fa4000000-7f7fa52bf000 rw-p 00000000 00:00 0 
7f7fa52bf000-7f7fa8000000 ---p 00000000 00:00 0 
7f7fa8000000-7f7fa8021000 rw-p 00000000 00:00 0 
7f7fa8021000-7f7fac000000 ---p 00000000 00:00 0 
7f7fac000000-7f7fac021000 rw-p 00000000 00:00 0 
7f7fac021000-7f7fb0000000 ---p 00000000 00:00 0 
7f7fb0000000-7f7fb0d89000 rw-p 00000000 00:00 0 
7f7fb0d89000-7f7fb4000000 ---p 00000000 00:00 0 
7f7fb4000000-7f7fb4021000 rw-p 00000000 00:00 0 
7f7fb4021000-7f7fb8000000 ---p 00000000 00:00 0 
7f7fb8000000-7f7fb8021000 rw-p 00000000 00:00 0 
7f7fb8021000-7f7fbc000000 ---p 00000000 00:00 0 
7f7fbc000000-7f7fbd8be000 rw-p 00000000 00:00 0 
7f7fbd8be000-7f7fc0000000 ---p 00000000 00:00 0 
7f7fc0000000-7f7fc0021000 rw-p 00000000 00:00 0 
7f7fc0021000-7f7fc4000000 ---p 00000000 00:00 0 
7f7fc4000000-7f7fc4021000 rw-p 00000000 00:00 0 
7f7fc4021000-7f7fc8000000 ---p 00000000 00:00 0 
7f7fc8000000-7f7fc8021000 rw-p 00000000 00:00 0 
7f7fc8021000-7f7fcc000000 ---p 00000000 00:00 0 
7f7fcc000000-7f7fcc021000 rw-p 00000000 00:00 0 
7f7fcc021000-7f7fd0000000 ---p 00000000 00:00 0 
7f7fd0000000-7f7fd0042000 rw-p 00000000 00:00 0 
7f7fd0042000-7f7fd4000000 ---p 00000000 00:00 0 
7f7fd54eb000-7f7fd54ec000 rw-p 00000000 00:00 0 
7f7fd54ec000-7f7fd54f0000 ---p 00000000 00:00 0 
7f7fd54f0000-7f7fd60f8000 rw-p 00000000 00:00 0 
7f7fd60f8000-7f7fd60fc000 ---p 00000000 00:00 0 
7f7fd60fc000-7f7fd6a00000 rw-p 00000000 00:00 0 
7f7fd6a00000-7f7fd6a03000 r-xp 00000000 00:23 1222                       /tmp/jansi-2.4.2-26813539ddab8a3c-libjansi.so (deleted)
7f7fd6a03000-7f7fd6c02000 ---p 00003000 00:23 1222                       /tmp/jansi-2.4.2-26813539ddab8a3c-libjansi.so (deleted)
7f7fd6c02000-7f7fd6c03000 r--p 00002000 00:23 1222                       /tmp/jansi-2.4.2-26813539ddab8a3c-libjansi.so (deleted)
7f7fd6c03000-7f7fd6c04000 rw-p 00003000 00:23 1222                       /tmp/jansi-2.4.2-26813539ddab8a3c-libjansi.so (deleted)
7f7fd6cfd000-7f7fd6dff000 rw-p 00000000 00:00 0 
7f7fd6dff000-7f7fd6e03000 ---p 00000000 00:00 0 
7f7fd6e03000-7f7fd6f00000 rw-p 00000000 00:00 0 
7f7fd6f00000-7f7fd6f04000 ---p 00000000 00:00 0 
7f7fd6f04000-7f7fd7000000 rw-p 00000000 00:00 0 
7f7fd7000000-7f7fd7400000 rw-p 00000000 00:00 0 
7f7fd7400000-7f7fd8100000 rw-p 00000000 00:00 0 
7f7fd8100000-7f7fd8200000 rw-p 00000000 00:00 0 
7f7fd8200000-7f7fd8bc0000 rw-p 00000000 00:00 0 
7f7fd8bc0000-7f7fd8bf0000 rw-p 00000000 00:00 0 
7f7fd8bf0000-7f7fd8c00000 ---p 00000000 00:00 0 
7f7fd8c00000-7f7fd8e10000 rw-p 00000000 00:00 0 
7f7fd8e10000-7f7fdb000000 ---p 00000000 00:00 0 
7f7fdb000000-7f7fdbbc7000 rw-p 00001000 103:03 1713673                   /usr/lib/jvm/java-17-openjdk/lib/server/classes.jsa
7f7fdbbc7000-7f7fdc000000 ---p 00000000 00:00 0 
7f7fdc000000-7f7fdc040000 rw-p 00000000 00:00 0 
7f7fdc040000-7f7fdc080000 rw-p 00000000 00:00 0 
7f7fdc080000-7f7fdc1c0000 rw-p 00000000 00:00 0 
7f7fdc1c0000-7f7fdc200000 rw-p 00000000 00:00 0 
7f7fdc200000-7f7fdc3f0000 rw-p 00000000 00:00 0 
7f7fdc3f0000-7f801c000000 ---p 00000000 00:00 0 
7f801c000000-7f801c021000 rw-p 00000000 00:00 0 
7f801c021000-7f8020000000 ---p 00000000 00:00 0 
7f8020000000-7f8020021000 rw-p 00000000 00:00 0 
7f8020021000-7f8024000000 ---p 00000000 00:00 0 
7f8024000000-7f8024021000 rw-p 00000000 00:00 0 
7f8024021000-7f8028000000 ---p 00000000 00:00 0 
7f8028000000-7f8028021000 rw-p 00000000 00:00 0 
7f8028021000-7f802c000000 ---p 00000000 00:00 0 
7f802c000000-7f802c021000 rw-p 00000000 00:00 0 
7f802c021000-7f8030000000 ---p 00000000 00:00 0 
7f80300f7000-7f80300f8000 rw-p 00000000 00:00 0 
7f80300f8000-7f80300fc000 ---p 00000000 00:00 0 
7f80300fc000-7f80302fa000 rw-p 00000000 00:00 0 
7f80302fa000-7f80302fe000 ---p 00000000 00:00 0 
7f80302fe000-7f80303fb000 rw-p 00000000 00:00 0 
7f80303fb000-7f80303ff000 ---p 00000000 00:00 0 
7f80303ff000-7f80304fc000 rw-p 00000000 00:00 0 
7f80304fc000-7f8030500000 ---p 00000000 00:00 0 
7f8030500000-7f80305fd000 rw-p 00000000 00:00 0 
7f80305fd000-7f8030601000 ---p 00000000 00:00 0 
7f8030601000-7f80306fe000 rw-p 00000000 00:00 0 
7f80306fe000-7f8030702000 ---p 00000000 00:00 0 
7f8030702000-7f80307ff000 rw-p 00000000 00:00 0 
7f80307ff000-7f8030803000 ---p 00000000 00:00 0 
7f8030803000-7f8030900000 rw-p 00000000 00:00 0 
7f8030900000-7f8030904000 ---p 00000000 00:00 0 
7f8030904000-7f8030a00000 rw-p 00000000 00:00 0 
7f8030a00000-7f8030fb8000 r--p 00000000 103:03 1078489                   /usr/lib/locale/locale-archive
7f8031028000-7f8031029000 rw-p 00000000 00:00 0 
7f8031029000-7f803102d000 ---p 00000000 00:00 0 
7f803102d000-7f803112a000 rw-p 00000000 00:00 0 
7f803112a000-7f803112e000 ---p 00000000 00:00 0 
7f803112e000-7f803132b000 rw-p 00000000 00:00 0 
7f803132b000-7f8031330000 r--p 00000000 103:03 1713645                   /usr/lib/jvm/java-17-openjdk/lib/libjsvml.so
7f8031330000-7f8031371000 r-xp 00005000 103:03 1713645                   /usr/lib/jvm/java-17-openjdk/lib/libjsvml.so
7f8031371000-7f80313fa000 r--p 00046000 103:03 1713645                   /usr/lib/jvm/java-17-openjdk/lib/libjsvml.so
7f80313fa000-7f80313fb000 r--p 000ce000 103:03 1713645                   /usr/lib/jvm/java-17-openjdk/lib/libjsvml.so
7f80313fb000-7f80313fc000 rw-p 000cf000 103:03 1713645                   /usr/lib/jvm/java-17-openjdk/lib/libjsvml.so
7f80313fc000-7f80315fe000 rw-p 00000000 00:00 0 
7f80315fe000-7f8033800000 rw-p 00000000 00:00 0 
7f803381b000-7f803430c000 rw-p 00000000 00:00 0 
7f803430c000-7f803b58c000 ---p 00000000 00:00 0 
7f803b58c000-7f803c01c000 rw-p 00000000 00:00 0 
7f803c01c000-7f804329c000 ---p 00000000 00:00 0 
7f804329c000-7f804340a000 rw-p 00000000 00:00 0 
7f804340a000-7f804425a000 ---p 00000000 00:00 0 
7f804425a000-7f80443ac000 rw-p 00000000 00:00 0 
7f80443ac000-7f80451fc000 ---p 00000000 00:00 0 
7f80451fc000-7f8045200000 rw-p 00000000 00:00 0 
7f8045200000-7f8046410000 rwxp 00000000 00:00 0 
7f8046410000-7f804c737000 ---p 00000000 00:00 0 
7f804c737000-7f804c9a7000 rwxp 00000000 00:00 0 
7f804c9a7000-7f804ccc9000 ---p 00000000 00:00 0 
7f804ccc9000-7f804d209000 rwxp 00000000 00:00 0 
7f804d209000-7f8054200000 ---p 00000000 00:00 0 
7f8054200000-7f805bff1000 r--s 00000000 103:03 1713666                   /usr/lib/jvm/java-17-openjdk/lib/modules
7f805c000000-7f805d480000 rw-p 00000000 00:00 0 
7f805d480000-7f8060000000 ---p 00000000 00:00 0 
7f8060055000-7f80608f9000 rw-p 00000000 00:00 0 
7f80608f9000-7f8060bfc000 rw-p 00000000 00:00 0 
7f8060bfc000-7f8060dcc000 rw-p 00000000 00:00 0 
7f8060dcc000-7f8061c1c000 ---p 00000000 00:00 0 
7f8061c1c000-7f8062635000 rw-p 00000000 00:00 0 
7f8062635000-7f8062715000 ---p 00000000 00:00 0 
7f8062715000-7f806273a000 rw-p 00000000 00:00 0 
7f806273a000-7f8062800000 ---p 00000000 00:00 0 
7f8062800000-7f8062897000 r--p 00000000 103:03 1098641                   /usr/lib/libstdc++.so.6.0.34
7f8062897000-7f80629ec000 r-xp 00097000 103:03 1098641                   /usr/lib/libstdc++.so.6.0.34
7f80629ec000-7f8062a7e000 r--p 001ec000 103:03 1098641                   /usr/lib/libstdc++.so.6.0.34
7f8062a7e000-7f8062a8f000 r--p 0027e000 103:03 1098641                   /usr/lib/libstdc++.so.6.0.34
7f8062a8f000-7f8062a90000 rw-p 0028f000 103:03 1098641                   /usr/lib/libstdc++.so.6.0.34
7f8062a90000-7f8062a94000 rw-p 00000000 00:00 0 
7f8062aa2000-7f8062aa9000 r--s 00000000 103:03 1078648                   /usr/lib/gconv/gconv-modules.cache
7f8062aa9000-7f8062aab000 r--p 00000000 103:03 1713664                   /usr/lib/jvm/java-17-openjdk/lib/libverify.so
7f8062aab000-7f8062ab2000 r-xp 00002000 103:03 1713664                   /usr/lib/jvm/java-17-openjdk/lib/libverify.so
7f8062ab2000-7f8062ab4000 r--p 00009000 103:03 1713664                   /usr/lib/jvm/java-17-openjdk/lib/libverify.so
7f8062ab4000-7f8062ab6000 r--p 0000a000 103:03 1713664                   /usr/lib/jvm/java-17-openjdk/lib/libverify.so
7f8062ab6000-7f8062ab7000 rw-p 0000c000 103:03 1713664                   /usr/lib/jvm/java-17-openjdk/lib/libverify.so
7f8062ab7000-7f8062ae8000 rw-p 00000000 00:00 0 
7f8062ae8000-7f8062aec000 r--p 00000000 103:03 1713654                   /usr/lib/jvm/java-17-openjdk/lib/libnet.so
7f8062aec000-7f8062afa000 r-xp 00004000 103:03 1713654                   /usr/lib/jvm/java-17-openjdk/lib/libnet.so
7f8062afa000-7f8062afe000 r--p 00012000 103:03 1713654                   /usr/lib/jvm/java-17-openjdk/lib/libnet.so
7f8062afe000-7f8062aff000 r--p 00015000 103:03 1713654                   /usr/lib/jvm/java-17-openjdk/lib/libnet.so
7f8062aff000-7f8062b00000 rw-p 00016000 103:03 1713654                   /usr/lib/jvm/java-17-openjdk/lib/libnet.so
7f8062b00000-7f8062b04000 ---p 00000000 00:00 0 
7f8062b04000-7f8062c00000 rw-p 00000000 00:00 0 
7f8062c00000-7f8062c0f000 r--p 00000000 103:03 1713676                   /usr/lib/jvm/java-17-openjdk/lib/server/libjvm.so
7f8062c0f000-7f80639dc000 r-xp 0000f000 103:03 1713676                   /usr/lib/jvm/java-17-openjdk/lib/server/libjvm.so
7f80639dc000-7f8063c5e000 r--p 00ddc000 103:03 1713676                   /usr/lib/jvm/java-17-openjdk/lib/server/libjvm.so
7f8063c5e000-7f8063d18000 r--p 0105d000 103:03 1713676                   /usr/lib/jvm/java-17-openjdk/lib/server/libjvm.so
7f8063d18000-7f8063d4d000 rw-p 01117000 103:03 1713676                   /usr/lib/jvm/java-17-openjdk/lib/server/libjvm.so
7f8063d4d000-7f8063da8000 rw-p 00000000 00:00 0 
7f8063dac000-7f8063dad000 r--p 00000000 103:03 1052384                   /usr/lib/libutil.so.1
7f8063dad000-7f8063dae000 r-xp 00001000 103:03 1052384                   /usr/lib/libutil.so.1
7f8063dae000-7f8063daf000 r--p 00002000 103:03 1052384                   /usr/lib/libutil.so.1
7f8063daf000-7f8063db0000 r--p 00002000 103:03 1052384                   /usr/lib/libutil.so.1
7f8063db0000-7f8063db1000 rw-p 00003000 103:03 1052384                   /usr/lib/libutil.so.1
7f8063db1000-7f8063db3000 r--p 00000000 103:03 1713665                   /usr/lib/jvm/java-17-openjdk/lib/libzip.so
7f8063db3000-7f8063db7000 r-xp 00002000 103:03 1713665                   /usr/lib/jvm/java-17-openjdk/lib/libzip.so
7f8063db7000-7f8063db9000 r--p 00006000 103:03 1713665                   /usr/lib/jvm/java-17-openjdk/lib/libzip.so
7f8063db9000-7f8063dba000 r--p 00007000 103:03 1713665                   /usr/lib/jvm/java-17-openjdk/lib/libzip.so
7f8063dba000-7f8063dbb000 rw-p 00008000 103:03 1713665                   /usr/lib/jvm/java-17-openjdk/lib/libzip.so
7f8063dbb000-7f8063dc2000 r--p 00000000 103:03 1713655                   /usr/lib/jvm/java-17-openjdk/lib/libnio.so
7f8063dc2000-7f8063dcb000 r-xp 00007000 103:03 1713655                   /usr/lib/jvm/java-17-openjdk/lib/libnio.so
7f8063dcb000-7f8063dcf000 r--p 00010000 103:03 1713655                   /usr/lib/jvm/java-17-openjdk/lib/libnio.so
7f8063dcf000-7f8063dd0000 r--p 00014000 103:03 1713655                   /usr/lib/jvm/java-17-openjdk/lib/libnio.so
7f8063dd0000-7f8063dd1000 rw-p 00015000 103:03 1713655                   /usr/lib/jvm/java-17-openjdk/lib/libnio.so
7f8063dd1000-7f8063e4f000 rw-p 00000000 00:00 0 
7f8063e4f000-7f8063e53000 r--p 00000000 103:03 1083184                   /usr/lib/libgcc_s.so.1
7f8063e53000-7f8063e76000 r-xp 00004000 103:03 1083184                   /usr/lib/libgcc_s.so.1
7f8063e76000-7f8063e7a000 r--p 00027000 103:03 1083184                   /usr/lib/libgcc_s.so.1
7f8063e7a000-7f8063e7b000 r--p 0002a000 103:03 1083184                   /usr/lib/libgcc_s.so.1
7f8063e7b000-7f8063e7c000 rw-p 0002b000 103:03 1083184                   /usr/lib/libgcc_s.so.1
7f8063e7c000-7f8063e8b000 r--p 00000000 103:03 1052343                   /usr/lib/libm.so.6
7f8063e8b000-7f8063f16000 r-xp 0000f000 103:03 1052343                   /usr/lib/libm.so.6
7f8063f16000-7f8063f78000 r--p 0009a000 103:03 1052343                   /usr/lib/libm.so.6
7f8063f78000-7f8063f79000 r--p 000fb000 103:03 1052343                   /usr/lib/libm.so.6
7f8063f79000-7f8063f7a000 rw-p 000fc000 103:03 1052343                   /usr/lib/libm.so.6
7f8063f7a000-7f8063f7d000 rw-p 00000000 00:00 0 
7f8063f7d000-7f8063f80000 r--p 00000000 103:03 1066345                   /usr/lib/libz.so.1.3.1
7f8063f80000-7f8063f8e000 r-xp 00003000 103:03 1066345                   /usr/lib/libz.so.1.3.1
7f8063f8e000-7f8063f94000 r--p 00011000 103:03 1066345                   /usr/lib/libz.so.1.3.1
7f8063f94000-7f8063f95000 r--p 00017000 103:03 1066345                   /usr/lib/libz.so.1.3.1
7f8063f95000-7f8063f96000 rw-p 00018000 103:03 1066345                   /usr/lib/libz.so.1.3.1
7f8063f96000-7f8063fba000 r--p 00000000 103:03 1052306                   /usr/lib/libc.so.6
7f8063fba000-7f806412b000 r-xp 00024000 103:03 1052306                   /usr/lib/libc.so.6
7f806412b000-7f8064179000 r--p 00195000 103:03 1052306                   /usr/lib/libc.so.6
7f8064179000-7f806417d000 r--p 001e2000 103:03 1052306                   /usr/lib/libc.so.6
7f806417d000-7f806417f000 rw-p 001e6000 103:03 1052306                   /usr/lib/libc.so.6
7f806417f000-7f8064187000 rw-p 00000000 00:00 0 
7f8064189000-7f806418e000 rw-p 00000000 00:00 0 
7f806418e000-7f8064195000 ---p 00000000 00:00 0 
7f8064195000-7f806419f000 r--p 00000000 103:03 1713450                   /usr/lib/jvm/java-17-openjdk/lib/libjava.so
7f806419f000-7f80641b1000 r-xp 0000a000 103:03 1713450                   /usr/lib/jvm/java-17-openjdk/lib/libjava.so
7f80641b1000-7f80641b7000 r--p 0001c000 103:03 1713450                   /usr/lib/jvm/java-17-openjdk/lib/libjava.so
7f80641b7000-7f80641b8000 r--p 00021000 103:03 1713450                   /usr/lib/jvm/java-17-openjdk/lib/libjava.so
7f80641b8000-7f80641b9000 rw-p 00022000 103:03 1713450                   /usr/lib/jvm/java-17-openjdk/lib/libjava.so
7f80641b9000-7f80641ba000 rw-p 00000000 00:00 0 
7f80641ba000-7f80641c2000 rw-s 00000000 00:23 1220                       /tmp/hsperfdata_michal/24829
7f80641c2000-7f80641c3000 ---p 00000000 00:00 0 
7f80641c3000-7f80641c4000 r--p 00000000 00:00 0 
7f80641c4000-7f80641c5000 ---p 00000000 00:00 0 
7f80641c5000-7f80641c6000 r--p 00000000 103:03 1713567                   /usr/lib/jvm/java-17-openjdk/lib/libjimage.so
7f80641c6000-7f80641c9000 r-xp 00001000 103:03 1713567                   /usr/lib/jvm/java-17-openjdk/lib/libjimage.so
7f80641c9000-7f80641ca000 r--p 00004000 103:03 1713567                   /usr/lib/jvm/java-17-openjdk/lib/libjimage.so
7f80641ca000-7f80641cb000 r--p 00005000 103:03 1713567                   /usr/lib/jvm/java-17-openjdk/lib/libjimage.so
7f80641cb000-7f80641cc000 rw-p 00006000 103:03 1713567                   /usr/lib/jvm/java-17-openjdk/lib/libjimage.so
7f80641cc000-7f80641ce000 r--p 00000000 103:03 1713634                   /usr/lib/jvm/java-17-openjdk/lib/libjli.so
7f80641ce000-7f80641d8000 r-xp 00002000 103:03 1713634                   /usr/lib/jvm/java-17-openjdk/lib/libjli.so
7f80641d8000-7f80641db000 r--p 0000c000 103:03 1713634                   /usr/lib/jvm/java-17-openjdk/lib/libjli.so
7f80641db000-7f80641dc000 r--p 0000f000 103:03 1713634                   /usr/lib/jvm/java-17-openjdk/lib/libjli.so
7f80641dc000-7f80641dd000 rw-p 00010000 103:03 1713634                   /usr/lib/jvm/java-17-openjdk/lib/libjli.so
7f80641dd000-7f80641df000 rw-p 00000000 00:00 0 
7f80641df000-7f80641e3000 r--p 00000000 00:00 0                          [vvar]
7f80641e3000-7f80641e5000 r--p 00000000 00:00 0                          [vvar_vclock]
7f80641e5000-7f80641e7000 r-xp 00000000 00:00 0                          [vdso]
7f80641e7000-7f80641e8000 r--p 00000000 103:03 1052232                   /usr/lib/ld-linux-x86-64.so.2
7f80641e8000-7f8064212000 r-xp 00001000 103:03 1052232                   /usr/lib/ld-linux-x86-64.so.2
7f8064212000-7f806421d000 r--p 0002b000 103:03 1052232                   /usr/lib/ld-linux-x86-64.so.2
7f806421d000-7f806421f000 r--p 00036000 103:03 1052232                   /usr/lib/ld-linux-x86-64.so.2
7f806421f000-7f8064220000 rw-p 00038000 103:03 1052232                   /usr/lib/ld-linux-x86-64.so.2
7f8064220000-7f8064221000 rw-p 00000000 00:00 0 
7ffd045ce000-7ffd045f0000 rw-p 00000000 00:00 0                          [stack]
ffffffffff600000-ffffffffff601000 --xp 00000000 00:00 0                  [vsyscall]


VM Arguments:
jvm_args: --enable-native-access=ALL-UNNAMED -Dclassworlds.conf=/usr/share/java/maven/bin/m2.conf -Dmaven.home=/usr/share/java/maven -Dlibrary.jansi.path=/usr/share/java/maven/lib/jansi-native -Dmaven.multiModuleProjectDirectory=/home/michal/Projekty/most/my-project/most/backend 
java_command: org.codehaus.plexus.classworlds.launcher.Launcher test
java_class_path (initial): /usr/share/java/maven/boot/plexus-classworlds-2.9.0.jar
Launcher Type: SUN_STANDARD

[Global flags]
     intx CICompilerCount                          = 4                                         {product} {ergonomic}
     uint ConcGCThreads                            = 3                                         {product} {ergonomic}
     uint G1ConcRefinementThreads                  = 10                                        {product} {ergonomic}
   size_t G1HeapRegionSize                         = 4194304                                   {product} {ergonomic}
    uintx GCDrainStackTargetSize                   = 64                                        {product} {ergonomic}
   size_t InitialHeapSize                          = 528482304                                 {product} {ergonomic}
   size_t MarkStackSize                            = 4194304                                   {product} {ergonomic}
   size_t MaxHeapSize                              = 8392802304                                {product} {ergonomic}
   size_t MaxNewSize                               = 5033164800                                {product} {ergonomic}
   size_t MinHeapDeltaBytes                        = 4194304                                   {product} {ergonomic}
   size_t MinHeapSize                              = 8388608                                   {product} {ergonomic}
    uintx NonNMethodCodeHeapSize                   = 5839372                                {pd product} {ergonomic}
    uintx NonProfiledCodeHeapSize                  = 122909434                              {pd product} {ergonomic}
    uintx ProfiledCodeHeapSize                     = 122909434                              {pd product} {ergonomic}
    uintx ReservedCodeCacheSize                    = 251658240                              {pd product} {ergonomic}
     bool SegmentedCodeCache                       = true                                      {product} {ergonomic}
   size_t SoftMaxHeapSize                          = 8392802304                             {manageable} {ergonomic}
     bool UseCompressedClassPointers               = true                           {product lp64_product} {ergonomic}
     bool UseCompressedOops                        = true                           {product lp64_product} {ergonomic}
     bool UseG1GC                                  = true                                      {product} {ergonomic}

Logging:
Log output configuration:
 #0: stdout all=warning uptime,level,tags
 #1: stderr all=off uptime,level,tags

Environment Variables:
JAVA_HOME=/usr/lib/jvm/java-17-openjdk
PATH=/usr/lib/jvm/java-17-openjdk/bin:/home/michal/.local/share/pnpm:/usr/local/google-cloud-sdk/bin:/home/michal/miniconda3/bin:/home/michal/miniconda3/condabin:/home/michal/.autojump/bin:/home/michal/.autojump/bin:/usr/local/sbin:/usr/local/bin:/usr/bin:/opt/cuda/bin:/var/lib/flatpak/exports/bin:/usr/lib/jvm/default/bin:/usr/bin/site_perl:/usr/bin/vendor_perl:/usr/bin/core_perl:/home/michal/.antigravity/extensions/vscjava.vscode-java-debug-0.58.5-universal/bundled/scripts/noConfigScripts:/home/michal/Android/Sdk/emulator:/home/michal/Android/Sdk/platform-tools:/home/michal/.pub-cache/bin:/home/michal/flutter/bin
SHELL=/bin/zsh
DISPLAY=:1
LANG=en_US.UTF-8
TERM=xterm-256color

Active Locale:
LC_ALL=en_US.UTF-8
LC_COLLATE=en_US.UTF-8
LC_CTYPE=en_US.UTF-8
LC_MESSAGES=en_US.UTF-8
LC_MONETARY=en_US.UTF-8
LC_NUMERIC=en_US.UTF-8
LC_TIME=en_US.UTF-8

Signal Handlers:
   SIGSEGV: 0x00007f80639530b0 in libjvm.so+13971632, mask=11100100010111111101111111111110, flags=SA_RESTART|SA_SIGINFO, unblocked
    SIGBUS: 0x00007f80639530b0 in libjvm.so+13971632, mask=11100100010111111101111111111110, flags=SA_RESTART|SA_SIGINFO, unblocked
    SIGFPE: 0x00007f80639530b0 in libjvm.so+13971632, mask=11100100010111111101111111111110, flags=SA_RESTART|SA_SIGINFO, unblocked
   SIGPIPE: 0x00007f80637e1880 in libjvm.so+12458112, mask=11100100010111111101111111111110, flags=SA_RESTART|SA_SIGINFO, blocked
   SIGXFSZ: 0x00007f80637e1880 in libjvm.so+12458112, mask=11100100010111111101111111111110, flags=SA_RESTART|SA_SIGINFO, blocked
    SIGILL: 0x00007f80639530b0 in libjvm.so+13971632, mask=11100100010111111101111111111110, flags=SA_RESTART|SA_SIGINFO, unblocked
   SIGUSR2: 0x00007f80637e0df0 in libjvm.so+12455408, mask=00000000000000000000000000000000, flags=SA_RESTART|SA_SIGINFO, blocked
    SIGHUP: 0x00007f80637e0cf0 in libjvm.so+12455152, mask=11100100010111111101111111111110, flags=SA_RESTART|SA_SIGINFO, blocked
    SIGINT: 0x00007f80637e0cf0 in libjvm.so+12455152, mask=11100100010111111101111111111110, flags=SA_RESTART|SA_SIGINFO, blocked
   SIGTERM: 0x00007f80637e0cf0 in libjvm.so+12455152, mask=11100100010111111101111111111110, flags=SA_RESTART|SA_SIGINFO, blocked
   SIGQUIT: 0x00007f80637e0cf0 in libjvm.so+12455152, mask=11100100010111111101111111111110, flags=SA_RESTART|SA_SIGINFO, blocked
   SIGTRAP: 0x00007f80639530b0 in libjvm.so+13971632, mask=11100100010111111101111111111110, flags=SA_RESTART|SA_SIGINFO, unblocked


Periodic native trim disabled


---------------  S Y S T E M  ---------------

OS:
DISTRIB_ID="Arch"
DISTRIB_RELEASE="rolling"
DISTRIB_DESCRIPTION="Arch Linux"
uname: Linux 6.18.8-zen2-1-zen #1 ZEN SMP PREEMPT_DYNAMIC Fri, 06 Feb 2026 06:47:23 +0000 x86_64
OS uptime: 0 days 0:46 hours
libc: glibc 2.42 NPTL 2.42 
rlimit (soft/hard): STACK 8192k/infinity , CORE infinity/infinity , NPROC 127637/127637 , NOFILE 524288/524288 , AS infinity/infinity , CPU infinity/infinity , DATA infinity/infinity , FSIZE infinity/infinity , MEMLOCK infinity/infinity
load average: 3.29 2.18 2.23

/proc/meminfo:
MemTotal:       32780836 kB
MemFree:         6092440 kB
MemAvailable:   19762636 kB
Buffers:          550620 kB
Cached:         13294668 kB
SwapCached:            0 kB
Active:         16175040 kB
Inactive:        8756700 kB
Active(anon):   11098764 kB
Inactive(anon):   335664 kB
Active(file):    5076276 kB
Inactive(file):  8421036 kB
Unevictable:        1116 kB
Mlocked:            1116 kB
SwapTotal:             0 kB
SwapFree:              0 kB
Zswap:                 0 kB
Zswapped:              0 kB
Dirty:           3481188 kB
Writeback:         16524 kB
AnonPages:      10875352 kB
Mapped:          5033224 kB
Shmem:            348188 kB
KReclaimable:     638116 kB
Slab:             845708 kB
SReclaimable:     638116 kB
SUnreclaim:       207592 kB
KernelStack:       32080 kB
PageTables:       136952 kB
SecPageTables:      4924 kB
NFS_Unstable:          0 kB
Bounce:                0 kB
WritebackTmp:          0 kB
CommitLimit:    16390416 kB
Committed_AS:   44963704 kB
VmallocTotal:   34359738367 kB
VmallocUsed:      117660 kB
VmallocChunk:          0 kB
Percpu:            15936 kB
HardwareCorrupted:     0 kB
AnonHugePages:   2392064 kB
ShmemHugePages:        0 kB
ShmemPmdMapped:        0 kB
FileHugePages:    501760 kB
FilePmdMapped:    204800 kB
CmaTotal:              0 kB
CmaFree:               0 kB
Unaccepted:            0 kB
Balloon:               0 kB
HugePages_Total:       0
HugePages_Free:        0
HugePages_Rsvd:        0
HugePages_Surp:        0
Hugepagesize:       2048 kB
Hugetlb:               0 kB
DirectMap4k:     1048560 kB
DirectMap2M:    18798592 kB
DirectMap1G:    13631488 kB

/sys/kernel/mm/transparent_hugepage/enabled: [always] madvise never
/sys/kernel/mm/transparent_hugepage/hpage_pmd_size: 2097152
/sys/kernel/mm/transparent_hugepage/defrag (defrag/compaction efforts parameter): always defer [defer+madvise] madvise never

Process Memory:
Virtual Size: 12892868K (peak: 12958404K)
Resident Set Size: 575996K (peak: 575996K) (anon: 538716K, file: 37236K, shmem: 44K)
Swapped out: 0K
C-Heap outstanding allocations: 88228K, retained: 38027K
glibc malloc tunables: (default)

/proc/sys/kernel/threads-max (system-wide limit on the number of threads): 255275
/proc/sys/vm/max_map_count (maximum number of memory map areas a process may have): 1048576
/proc/sys/vm/swappiness (control to define how aggressively the kernel swaps out anonymous memory): 60
/proc/sys/kernel/pid_max (system-wide limit on number of process identifiers): 4194304

container information not found.
Steal ticks since vm start: 0
Steal ticks percentage since vm start:  0.000

CPU: total 12 (initial active 12) (12 cores per cpu, 2 threads per core) family 23 model 8 stepping 2 microcode 0x800820d, cx8, cmov, fxsr, ht, mmx, 3dnowpref, sse, sse2, sse3, ssse3, sse4a, sse4.1, sse4.2, popcnt, lzcnt, tsc, tscinvbit, avx, avx2, aes, clmul, bmi1, bmi2, adx, sha, fma, vzeroupper, clflush, clflushopt
CPU Model and flags from /proc/cpuinfo:
model name	: AMD Ryzen 5 2600 Six-Core Processor
flags		: fpu vme de pse tsc msr pae mce cx8 apic sep mtrr pge mca cmov pat pse36 clflush mmx fxsr sse sse2 ht syscall nx mmxext fxsr_opt pdpe1gb rdtscp lm constant_tsc rep_good nopl nonstop_tsc cpuid extd_apicid aperfmperf rapl pni pclmulqdq monitor ssse3 fma cx16 sse4_1 sse4_2 movbe popcnt aes xsave avx f16c rdrand lahf_lm cmp_legacy svm extapic cr8_legacy abm sse4a misalignsse 3dnowprefetch osvw skinit wdt tce topoext perfctr_core perfctr_nb bpext perfctr_llc mwaitx cpb hw_pstate ssbd ibpb vmmcall fsgsbase bmi1 avx2 smep bmi2 rdseed adx smap clflushopt sha_ni xsaveopt xsavec xgetbv1 clzero xsaveerptr arat npt lbrv svm_lock nrip_save tsc_scale vmcb_clean flushbyasid decodeassists pausefilter pfthreshold avic v_vmsave_vmload vgif overflow_recov succor smca sev sev_es

Online cpus: 0-11
Offline cpus: 
BIOS frequency limitation: 3400000
Frequency switch latency (ns): 0
Available cpu frequencies: 3400000 2800000 1550000 
Current governor: schedutil
Core performance/turbo boost: 1

Memory: 4k page, physical 32780836k(6092440k free), swap 0k(0k free)
Page Sizes: 4k

vm_info: OpenJDK 64-Bit Server VM (17.0.18+8) for linux-amd64 JRE (17.0.18+8), built on Jan 21 2026 09:22:05 by "builduser" with gcc 15.2.1 20260103

END.
